                      :-) GROMACS - gmx mdrun, 2021.2 (-:

                            GROMACS is written by:
     Andrey Alekseenko              Emile Apol              Rossen Apostolov     
         Paul Bauer           Herman J.C. Berendsen           Par Bjelkmar       
       Christian Blau           Viacheslav Bolnykh             Kevin Boyd        
     Aldert van Buuren           Rudi van Drunen             Anton Feenstra      
    Gilles Gouaillardet             Alan Gray               Gerrit Groenhof      
       Anca Hamuraru            Vincent Hindriksen          M. Eric Irrgang      
      Aleksei Iupinov           Christoph Junghans             Joe Jordan        
    Dimitrios Karkoulis            Peter Kasson                Jiri Kraus        
      Carsten Kutzner              Per Larsson              Justin A. Lemkul     
       Viveca Lindahl            Magnus Lundborg             Erik Marklund       
        Pascal Merz             Pieter Meulenhoff            Teemu Murtola       
        Szilard Pall               Sander Pronk              Roland Schulz       
       Michael Shirts            Alexey Shvetsov             Alfons Sijbers      
       Peter Tieleman              Jon Vincent              Teemu Virolainen     
     Christian Wennberg            Maarten Wolf              Artem Zhmurov       
                           and the project leaders:
        Mark Abraham, Berk Hess, Erik Lindahl, and David van der Spoel

Copyright (c) 1991-2000, University of Groningen, The Netherlands.
Copyright (c) 2001-2019, The GROMACS development team at
Uppsala University, Stockholm University and
the Royal Institute of Technology, Sweden.
check out http://www.gromacs.org for more information.

GROMACS is free software; you can redistribute it and/or modify it
under the terms of the GNU Lesser General Public License
as published by the Free Software Foundation; either version 2.1
of the License, or (at your option) any later version.

GROMACS:      gmx mdrun, version 2021.2
Executable:   /usr/local/gromacs/bin/gmx
Data prefix:  /usr/local/gromacs
Working dir:  /home/gourav/Projects/md_stuff/tutorial/tut1
Process ID:   121535
Command line:
  gmx mdrun -v -deffnm npt

GROMACS version:    2021.2
Verified release checksum is d91a739522d82c53dc47c2276b9ac5fae3b2119283e84e3a1c7bed8ce741fda2
Precision:          mixed
Memory model:       64 bit
MPI library:        thread_mpi
OpenMP support:     enabled (GMX_OPENMP_MAX_THREADS = 64)
GPU support:        disabled
SIMD instructions:  AVX2_256
FFT library:        fftw-3.3.8-sse2-avx-avx2-avx2_128
RDTSCP usage:       enabled
TNG support:        enabled
Hwloc support:      disabled
Tracing support:    disabled
C compiler:         /usr/bin/cc GNU 9.3.0
C compiler flags:   -mavx2 -mfma -Wno-missing-field-initializers -fexcess-precision=fast -funroll-all-loops -O3 -DNDEBUG
C++ compiler:       /usr/bin/c++ GNU 9.3.0
C++ compiler flags: -mavx2 -mfma -Wno-missing-field-initializers -fexcess-precision=fast -funroll-all-loops -fopenmp -O3 -DNDEBUG


Running on 1 node with total 4 cores, 8 logical cores
Hardware detected:
  CPU info:
    Vendor: Intel
    Brand:  Intel(R) Core(TM) i5-8250U CPU @ 1.60GHz
    Family: 6   Model: 142   Stepping: 10
    Features: aes apic avx avx2 clfsh cmov cx8 cx16 f16c fma htt intel lahf mmx msr nonstop_tsc pcid pclmuldq pdcm pdpe1gb popcnt pse rdrnd rdtscp sse2 sse3 sse4.1 sse4.2 ssse3 tdt x2apic
  Hardware topology: Basic
    Sockets, cores, and logical processors:
      Socket  0: [   0   4] [   1   5] [   2   6] [   3   7]


++++ PLEASE READ AND CITE THE FOLLOWING REFERENCE ++++
M. J. Abraham, T. Murtola, R. Schulz, S. Páll, J. C. Smith, B. Hess, E.
Lindahl
GROMACS: High performance molecular simulations through multi-level
parallelism from laptops to supercomputers
SoftwareX 1 (2015) pp. 19-25
-------- -------- --- Thank You --- -------- --------


++++ PLEASE READ AND CITE THE FOLLOWING REFERENCE ++++
S. Páll, M. J. Abraham, C. Kutzner, B. Hess, E. Lindahl
Tackling Exascale Software Challenges in Molecular Dynamics Simulations with
GROMACS
In S. Markidis & E. Laure (Eds.), Solving Software Challenges for Exascale 8759 (2015) pp. 3-27
-------- -------- --- Thank You --- -------- --------


++++ PLEASE READ AND CITE THE FOLLOWING REFERENCE ++++
S. Pronk, S. Páll, R. Schulz, P. Larsson, P. Bjelkmar, R. Apostolov, M. R.
Shirts, J. C. Smith, P. M. Kasson, D. van der Spoel, B. Hess, and E. Lindahl
GROMACS 4.5: a high-throughput and highly parallel open source molecular
simulation toolkit
Bioinformatics 29 (2013) pp. 845-54
-------- -------- --- Thank You --- -------- --------


++++ PLEASE READ AND CITE THE FOLLOWING REFERENCE ++++
B. Hess and C. Kutzner and D. van der Spoel and E. Lindahl
GROMACS 4: Algorithms for highly efficient, load-balanced, and scalable
molecular simulation
J. Chem. Theory Comput. 4 (2008) pp. 435-447
-------- -------- --- Thank You --- -------- --------


++++ PLEASE READ AND CITE THE FOLLOWING REFERENCE ++++
D. van der Spoel, E. Lindahl, B. Hess, G. Groenhof, A. E. Mark and H. J. C.
Berendsen
GROMACS: Fast, Flexible and Free
J. Comp. Chem. 26 (2005) pp. 1701-1719
-------- -------- --- Thank You --- -------- --------


++++ PLEASE READ AND CITE THE FOLLOWING REFERENCE ++++
E. Lindahl and B. Hess and D. van der Spoel
GROMACS 3.0: A package for molecular simulation and trajectory analysis
J. Mol. Mod. 7 (2001) pp. 306-317
-------- -------- --- Thank You --- -------- --------


++++ PLEASE READ AND CITE THE FOLLOWING REFERENCE ++++
H. J. C. Berendsen, D. van der Spoel and R. van Drunen
GROMACS: A message-passing parallel molecular dynamics implementation
Comp. Phys. Comm. 91 (1995) pp. 43-56
-------- -------- --- Thank You --- -------- --------


++++ PLEASE CITE THE DOI FOR THIS VERSION OF GROMACS ++++
https://doi.org/10.5281/zenodo.4723562
-------- -------- --- Thank You --- -------- --------

Input Parameters:
   integrator                     = md
   tinit                          = 0
   dt                             = 0.002
   nsteps                         = 50000
   init-step                      = 0
   simulation-part                = 1
   mts                            = false
   comm-mode                      = Linear
   nstcomm                        = 100
   bd-fric                        = 0
   ld-seed                        = -134594785
   emtol                          = 10
   emstep                         = 0.01
   niter                          = 20
   fcstep                         = 0
   nstcgsteep                     = 1000
   nbfgscorr                      = 10
   rtpi                           = 0.05
   nstxout                        = 500
   nstvout                        = 500
   nstfout                        = 0
   nstlog                         = 500
   nstcalcenergy                  = 100
   nstenergy                      = 500
   nstxout-compressed             = 0
   compressed-x-precision         = 1000
   cutoff-scheme                  = Verlet
   nstlist                        = 10
   pbc                            = xyz
   periodic-molecules             = false
   verlet-buffer-tolerance        = 0.005
   rlist                          = 1
   coulombtype                    = PME
   coulomb-modifier               = Potential-shift
   rcoulomb-switch                = 0
   rcoulomb                       = 1
   epsilon-r                      = 1
   epsilon-rf                     = inf
   vdw-type                       = Cut-off
   vdw-modifier                   = Potential-shift
   rvdw-switch                    = 0
   rvdw                           = 1
   DispCorr                       = EnerPres
   table-extension                = 1
   fourierspacing                 = 0.16
   fourier-nx                     = 44
   fourier-ny                     = 44
   fourier-nz                     = 44
   pme-order                      = 4
   ewald-rtol                     = 1e-05
   ewald-rtol-lj                  = 0.001
   lj-pme-comb-rule               = Geometric
   ewald-geometry                 = 0
   epsilon-surface                = 0
   tcoupl                         = V-rescale
   nsttcouple                     = 10
   nh-chain-length                = 0
   print-nose-hoover-chain-variables = false
   pcoupl                         = Parrinello-Rahman
   pcoupltype                     = Isotropic
   nstpcouple                     = 10
   tau-p                          = 2
   compressibility (3x3):
      compressibility[    0]={ 4.50000e-05,  0.00000e+00,  0.00000e+00}
      compressibility[    1]={ 0.00000e+00,  4.50000e-05,  0.00000e+00}
      compressibility[    2]={ 0.00000e+00,  0.00000e+00,  4.50000e-05}
   ref-p (3x3):
      ref-p[    0]={ 1.00000e+00,  0.00000e+00,  0.00000e+00}
      ref-p[    1]={ 0.00000e+00,  1.00000e+00,  0.00000e+00}
      ref-p[    2]={ 0.00000e+00,  0.00000e+00,  1.00000e+00}
   refcoord-scaling               = COM
   posres-com (3):
      posres-com[0]= 4.97314e-01
      posres-com[1]= 5.01814e-01
      posres-com[2]= 4.99537e-01
   posres-comB (3):
      posres-comB[0]= 4.97314e-01
      posres-comB[1]= 5.01814e-01
      posres-comB[2]= 4.99537e-01
   QMMM                           = false
qm-opts:
   ngQM                           = 0
   constraint-algorithm           = Lincs
   continuation                   = true
   Shake-SOR                      = false
   shake-tol                      = 0.0001
   lincs-order                    = 4
   lincs-iter                     = 1
   lincs-warnangle                = 30
   nwall                          = 0
   wall-type                      = 9-3
   wall-r-linpot                  = -1
   wall-atomtype[0]               = -1
   wall-atomtype[1]               = -1
   wall-density[0]                = 0
   wall-density[1]                = 0
   wall-ewald-zfac                = 3
   pull                           = false
   awh                            = false
   rotation                       = false
   interactiveMD                  = false
   disre                          = No
   disre-weighting                = Conservative
   disre-mixed                    = false
   dr-fc                          = 1000
   dr-tau                         = 0
   nstdisreout                    = 100
   orire-fc                       = 0
   orire-tau                      = 0
   nstorireout                    = 100
   free-energy                    = no
   cos-acceleration               = 0
   deform (3x3):
      deform[    0]={ 0.00000e+00,  0.00000e+00,  0.00000e+00}
      deform[    1]={ 0.00000e+00,  0.00000e+00,  0.00000e+00}
      deform[    2]={ 0.00000e+00,  0.00000e+00,  0.00000e+00}
   simulated-tempering            = false
   swapcoords                     = no
   userint1                       = 0
   userint2                       = 0
   userint3                       = 0
   userint4                       = 0
   userreal1                      = 0
   userreal2                      = 0
   userreal3                      = 0
   userreal4                      = 0
   applied-forces:
     electric-field:
       x:
         E0                       = 0
         omega                    = 0
         t0                       = 0
         sigma                    = 0
       y:
         E0                       = 0
         omega                    = 0
         t0                       = 0
         sigma                    = 0
       z:
         E0                       = 0
         omega                    = 0
         t0                       = 0
         sigma                    = 0
     density-guided-simulation:
       active                     = false
       group                      = protein
       similarity-measure         = inner-product
       atom-spreading-weight      = unity
       force-constant             = 1e+09
       gaussian-transform-spreading-width = 0.2
       gaussian-transform-spreading-range-in-multiples-of-width = 4
       reference-density-filename = reference.mrc
       nst                        = 1
       normalize-densities        = true
       adaptive-force-scaling     = false
       adaptive-force-scaling-time-constant = 4
       shift-vector               = 
       transformation-matrix      = 
grpopts:
   nrdf:     4920.79     63837.2
   ref-t:         300         300
   tau-t:         0.1         0.1
annealing:          No          No
annealing-npoints:           0           0
   acc:	           0           0           0
   nfreeze:           N           N           N
   energygrp-flags[  0]: 0

Changing nstlist from 10 to 50, rlist from 1 to 1.115

Using 1 MPI thread
Using 8 OpenMP threads 

Pinning threads with an auto-selected logical core stride of 1
System total charge: -0.000
Will do PME sum in reciprocal space for electrostatic interactions.

++++ PLEASE READ AND CITE THE FOLLOWING REFERENCE ++++
U. Essmann, L. Perera, M. L. Berkowitz, T. Darden, H. Lee and L. G. Pedersen 
A smooth particle mesh Ewald method
J. Chem. Phys. 103 (1995) pp. 8577-8592
-------- -------- --- Thank You --- -------- --------

Using a Gaussian width (1/beta) of 0.320163 nm for Ewald
Potential shift: LJ r^-12: -1.000e+00 r^-6: -1.000e+00, Ewald -1.000e-05
Initialized non-bonded Ewald tables, spacing: 9.33e-04 size: 1073

Generated table with 1057 data points for 1-4 COUL.
Tabscale = 500 points/nm
Generated table with 1057 data points for 1-4 LJ6.
Tabscale = 500 points/nm
Generated table with 1057 data points for 1-4 LJ12.
Tabscale = 500 points/nm
Long Range LJ corr.: <C6> 3.1923e-04


Using SIMD 4x8 nonbonded short-range kernels

Using a dual 4x8 pair-list setup updated with dynamic pruning:
  outer list: updated every 50 steps, buffer 0.115 nm, rlist 1.115 nm
  inner list: updated every 12 steps, buffer 0.002 nm, rlist 1.002 nm
At tolerance 0.005 kJ/mol/ps per atom, equivalent classical 1x1 list would be:
  outer list: updated every 50 steps, buffer 0.243 nm, rlist 1.243 nm
  inner list: updated every 12 steps, buffer 0.047 nm, rlist 1.047 nm

Using geometric Lennard-Jones combination rule

Initializing LINear Constraint Solver

++++ PLEASE READ AND CITE THE FOLLOWING REFERENCE ++++
B. Hess and H. Bekker and H. J. C. Berendsen and J. G. E. M. Fraaije
LINCS: A Linear Constraint Solver for molecular simulations
J. Comp. Chem. 18 (1997) pp. 1463-1472
-------- -------- --- Thank You --- -------- --------

The number of constraints is 959

++++ PLEASE READ AND CITE THE FOLLOWING REFERENCE ++++
S. Miyamoto and P. A. Kollman
SETTLE: An Analytical Version of the SHAKE and RATTLE Algorithms for Rigid
Water Models
J. Comp. Chem. 13 (1992) pp. 952-962
-------- -------- --- Thank You --- -------- --------


++++ PLEASE READ AND CITE THE FOLLOWING REFERENCE ++++
G. Bussi, D. Donadio and M. Parrinello
Canonical sampling through velocity rescaling
J. Chem. Phys. 126 (2007) pp. 014101
-------- -------- --- Thank You --- -------- --------

There are: 33876 Atoms
Center of mass motion removal mode is Linear
We have the following groups for center of mass motion removal:
  0:  rest

Started mdrun on rank 0 Tue Jul 27 01:17:48 2021

           Step           Time
              0        0.00000

   Energies (kJ/mol)
           Bond          Angle    Proper Dih. Ryckaert-Bell.          LJ-14
    1.34606e+03    3.66982e+03    2.29843e+02    1.83549e+03    2.74324e+03
     Coulomb-14        LJ (SR)  Disper. corr.   Coulomb (SR)   Coul. recip.
    7.78469e+03    9.10456e+04   -4.44920e+03   -6.29694e+05    2.96696e+03
 Position Rest.      Potential    Kinetic En.   Total Energy  Conserved En.
    1.25753e-01   -5.22522e+05    8.57337e+04   -4.36788e+05   -4.36767e+05
    Temperature Pres. DC (bar) Pressure (bar)   Constr. rmsd
    2.99933e+02   -2.14729e+02   -4.04451e+02    2.90607e-06

           Step           Time
            500        1.00000

   Energies (kJ/mol)
           Bond          Angle    Proper Dih. Ryckaert-Bell.          LJ-14
    1.46722e+03    3.90808e+03    2.53740e+02    1.78852e+03    2.71622e+03
     Coulomb-14        LJ (SR)  Disper. corr.   Coulomb (SR)   Coul. recip.
    7.79674e+03    9.56064e+04   -4.57000e+03   -6.36801e+05    2.92017e+03
 Position Rest.      Potential    Kinetic En.   Total Energy  Conserved En.
    4.13133e+02   -5.24500e+05    8.69219e+04   -4.37579e+05   -4.36715e+05
    Temperature Pres. DC (bar) Pressure (bar)   Constr. rmsd
    3.04090e+02   -2.26532e+02    3.87312e+02    2.81440e-06

           Step           Time
           1000        2.00000

   Energies (kJ/mol)
           Bond          Angle    Proper Dih. Ryckaert-Bell.          LJ-14
    1.42181e+03    3.56040e+03    2.71853e+02    1.85938e+03    2.69181e+03
     Coulomb-14        LJ (SR)  Disper. corr.   Coulomb (SR)   Coul. recip.
    7.80189e+03    9.49386e+04   -4.55157e+03   -6.36784e+05    2.90338e+03
 Position Rest.      Potential    Kinetic En.   Total Energy  Conserved En.
    4.51673e+02   -5.25435e+05    8.57066e+04   -4.39728e+05   -4.36721e+05
    Temperature Pres. DC (bar) Pressure (bar)   Constr. rmsd
    2.99838e+02   -2.24711e+02    1.60112e+02    2.81372e-06

           Step           Time
           1500        3.00000

   Energies (kJ/mol)
           Bond          Angle    Proper Dih. Ryckaert-Bell.          LJ-14
    1.46529e+03    3.68038e+03    2.25043e+02    1.80404e+03    2.65326e+03
     Coulomb-14        LJ (SR)  Disper. corr.   Coulomb (SR)   Coul. recip.
    7.70975e+03    9.51575e+04   -4.56511e+03   -6.36392e+05    2.98063e+03
 Position Rest.      Potential    Kinetic En.   Total Energy  Conserved En.
    4.62588e+02   -5.24819e+05    8.56077e+04   -4.39211e+05   -4.36706e+05
    Temperature Pres. DC (bar) Pressure (bar)   Constr. rmsd
    2.99492e+02   -2.26048e+02    2.91446e+02    2.68987e-06

           Step           Time
           2000        4.00000

   Energies (kJ/mol)
           Bond          Angle    Proper Dih. Ryckaert-Bell.          LJ-14
    1.44482e+03    3.74154e+03    2.48239e+02    1.83274e+03    2.63860e+03
     Coulomb-14        LJ (SR)  Disper. corr.   Coulomb (SR)   Coul. recip.
    7.70670e+03    9.37112e+04   -4.55528e+03   -6.34967e+05    2.95381e+03
 Position Rest.      Potential    Kinetic En.   Total Energy  Conserved En.
    4.36307e+02   -5.24808e+05    8.50776e+04   -4.39730e+05   -4.36725e+05
    Temperature Pres. DC (bar) Pressure (bar)   Constr. rmsd
    2.97637e+02   -2.25077e+02   -1.73490e+01    2.89077e-06

           Step           Time
           2500        5.00000

   Energies (kJ/mol)
           Bond          Angle    Proper Dih. Ryckaert-Bell.          LJ-14
    1.48909e+03    3.82276e+03    2.81912e+02    1.81762e+03    2.70713e+03
     Coulomb-14        LJ (SR)  Disper. corr.   Coulomb (SR)   Coul. recip.
    7.78372e+03    9.34658e+04   -4.57269e+03   -6.33705e+05    2.98519e+03
 Position Rest.      Potential    Kinetic En.   Total Energy  Conserved En.
    4.85909e+02   -5.23438e+05    8.67832e+04   -4.36655e+05   -4.36732e+05
    Temperature Pres. DC (bar) Pressure (bar)   Constr. rmsd
    3.03604e+02   -2.26799e+02    1.55415e+02    3.08391e-06

           Step           Time
           3000        6.00000

   Energies (kJ/mol)
           Bond          Angle    Proper Dih. Ryckaert-Bell.          LJ-14
    1.38584e+03    3.62661e+03    2.41423e+02    1.83706e+03    2.67865e+03
     Coulomb-14        LJ (SR)  Disper. corr.   Coulomb (SR)   Coul. recip.
    7.72571e+03    9.50425e+04   -4.57458e+03   -6.36208e+05    2.90422e+03
 Position Rest.      Potential    Kinetic En.   Total Energy  Conserved En.
    4.90917e+02   -5.24849e+05    8.51209e+04   -4.39728e+05   -4.36736e+05
    Temperature Pres. DC (bar) Pressure (bar)   Constr. rmsd
    2.97789e+02   -2.26985e+02    3.49088e+02    2.72145e-06

           Step           Time
           3500        7.00000

   Energies (kJ/mol)
           Bond          Angle    Proper Dih. Ryckaert-Bell.          LJ-14
    1.43750e+03    3.80638e+03    2.64397e+02    1.86535e+03    2.72425e+03
     Coulomb-14        LJ (SR)  Disper. corr.   Coulomb (SR)   Coul. recip.
    7.75087e+03    9.53426e+04   -4.55660e+03   -6.36454e+05    2.95307e+03
 Position Rest.      Potential    Kinetic En.   Total Energy  Conserved En.
    4.36907e+02   -5.24430e+05    8.63268e+04   -4.38103e+05   -4.36716e+05
    Temperature Pres. DC (bar) Pressure (bar)   Constr. rmsd
    3.02008e+02   -2.25207e+02    3.22888e+02    2.71743e-06

           Step           Time
           4000        8.00000

   Energies (kJ/mol)
           Bond          Angle    Proper Dih. Ryckaert-Bell.          LJ-14
    1.41838e+03    3.73003e+03    2.89126e+02    1.88146e+03    2.72853e+03
     Coulomb-14        LJ (SR)  Disper. corr.   Coulomb (SR)   Coul. recip.
    7.77943e+03    9.39295e+04   -4.57961e+03   -6.35065e+05    2.95312e+03
 Position Rest.      Potential    Kinetic En.   Total Energy  Conserved En.
    4.33487e+02   -5.24502e+05    8.56698e+04   -4.38832e+05   -4.36727e+05
    Temperature Pres. DC (bar) Pressure (bar)   Constr. rmsd
    2.99710e+02   -2.27485e+02    9.95398e+01    2.81453e-06

           Step           Time
           4500        9.00000

   Energies (kJ/mol)
           Bond          Angle    Proper Dih. Ryckaert-Bell.          LJ-14
    1.36447e+03    3.74139e+03    2.81057e+02    1.81270e+03    2.67962e+03
     Coulomb-14        LJ (SR)  Disper. corr.   Coulomb (SR)   Coul. recip.
    7.77743e+03    9.40142e+04   -4.56829e+03   -6.35710e+05    2.97305e+03
 Position Rest.      Potential    Kinetic En.   Total Energy  Conserved En.
    4.62638e+02   -5.25171e+05    8.51900e+04   -4.39981e+05   -4.36741e+05
    Temperature Pres. DC (bar) Pressure (bar)   Constr. rmsd
    2.98031e+02   -2.26363e+02    1.00489e+02    3.02626e-06

           Step           Time
           5000       10.00000

   Energies (kJ/mol)
           Bond          Angle    Proper Dih. Ryckaert-Bell.          LJ-14
    1.41864e+03    3.51816e+03    2.55587e+02    1.89680e+03    2.66894e+03
     Coulomb-14        LJ (SR)  Disper. corr.   Coulomb (SR)   Coul. recip.
    7.75505e+03    9.41118e+04   -4.53742e+03   -6.35401e+05    2.96491e+03
 Position Rest.      Potential    Kinetic En.   Total Energy  Conserved En.
    4.10951e+02   -5.24938e+05    8.56340e+04   -4.39304e+05   -4.36743e+05
    Temperature Pres. DC (bar) Pressure (bar)   Constr. rmsd
    2.99584e+02   -2.23317e+02   -9.22137e+01    3.18691e-06

           Step           Time
           5500       11.00000

   Energies (kJ/mol)
           Bond          Angle    Proper Dih. Ryckaert-Bell.          LJ-14
    1.36510e+03    3.57158e+03    2.71158e+02    1.82541e+03    2.71034e+03
     Coulomb-14        LJ (SR)  Disper. corr.   Coulomb (SR)   Coul. recip.
    7.76809e+03    9.35285e+04   -4.56446e+03   -6.34520e+05    2.95136e+03
 Position Rest.      Potential    Kinetic En.   Total Energy  Conserved En.
    4.47654e+02   -5.24645e+05    8.61320e+04   -4.38513e+05   -4.36739e+05
    Temperature Pres. DC (bar) Pressure (bar)   Constr. rmsd
    3.01326e+02   -2.25984e+02    8.65072e+01    3.05185e-06

           Step           Time
           6000       12.00000

   Energies (kJ/mol)
           Bond          Angle    Proper Dih. Ryckaert-Bell.          LJ-14
    1.41624e+03    3.73887e+03    2.52256e+02    1.84847e+03    2.68147e+03
     Coulomb-14        LJ (SR)  Disper. corr.   Coulomb (SR)   Coul. recip.
    7.73627e+03    9.31809e+04   -4.57328e+03   -6.33899e+05    2.99132e+03
 Position Rest.      Potential    Kinetic En.   Total Energy  Conserved En.
    4.72904e+02   -5.24154e+05    8.65477e+04   -4.37606e+05   -4.36722e+05
    Temperature Pres. DC (bar) Pressure (bar)   Constr. rmsd
    3.02780e+02   -2.26857e+02    5.97286e+01    3.05077e-06

           Step           Time
           6500       13.00000

   Energies (kJ/mol)
           Bond          Angle    Proper Dih. Ryckaert-Bell.          LJ-14
    1.39486e+03    3.85306e+03    2.43646e+02    1.81231e+03    2.69070e+03
     Coulomb-14        LJ (SR)  Disper. corr.   Coulomb (SR)   Coul. recip.
    7.73575e+03    9.34278e+04   -4.54706e+03   -6.34674e+05    3.04381e+03
 Position Rest.      Potential    Kinetic En.   Total Energy  Conserved En.
    4.34537e+02   -5.24584e+05    8.53768e+04   -4.39208e+05   -4.36709e+05
    Temperature Pres. DC (bar) Pressure (bar)   Constr. rmsd
    2.98684e+02   -2.24266e+02   -2.95103e+01    2.50431e-06

           Step           Time
           7000       14.00000

   Energies (kJ/mol)
           Bond          Angle    Proper Dih. Ryckaert-Bell.          LJ-14
    1.39516e+03    3.95299e+03    2.63678e+02    1.89475e+03    2.70223e+03
     Coulomb-14        LJ (SR)  Disper. corr.   Coulomb (SR)   Coul. recip.
    7.69908e+03    9.27245e+04   -4.57901e+03   -6.33303e+05    2.87385e+03
 Position Rest.      Potential    Kinetic En.   Total Energy  Conserved En.
    4.89176e+02   -5.23887e+05    8.65004e+04   -4.37386e+05   -4.36730e+05
    Temperature Pres. DC (bar) Pressure (bar)   Constr. rmsd
    3.02615e+02   -2.27426e+02   -3.20077e+00    2.99749e-06

           Step           Time
           7500       15.00000

   Energies (kJ/mol)
           Bond          Angle    Proper Dih. Ryckaert-Bell.          LJ-14
    1.51768e+03    3.64113e+03    2.84610e+02    1.90352e+03    2.68313e+03
     Coulomb-14        LJ (SR)  Disper. corr.   Coulomb (SR)   Coul. recip.
    7.84092e+03    9.32474e+04   -4.57293e+03   -6.34099e+05    3.03013e+03
 Position Rest.      Potential    Kinetic En.   Total Energy  Conserved En.
    4.90813e+02   -5.24033e+05    8.54107e+04   -4.38622e+05   -4.36712e+05
    Temperature Pres. DC (bar) Pressure (bar)   Constr. rmsd
    2.98803e+02   -2.26823e+02    5.60295e+00    3.08306e-06

           Step           Time
           8000       16.00000

   Energies (kJ/mol)
           Bond          Angle    Proper Dih. Ryckaert-Bell.          LJ-14
    1.52956e+03    3.67912e+03    2.18597e+02    1.85728e+03    2.69345e+03
     Coulomb-14        LJ (SR)  Disper. corr.   Coulomb (SR)   Coul. recip.
    7.77966e+03    9.32581e+04   -4.56713e+03   -6.33176e+05    2.94437e+03
 Position Rest.      Potential    Kinetic En.   Total Energy  Conserved En.
    4.76426e+02   -5.23306e+05    8.57491e+04   -4.37557e+05   -4.36730e+05
    Temperature Pres. DC (bar) Pressure (bar)   Constr. rmsd
    2.99987e+02   -2.26248e+02   -2.30564e+01    2.89156e-06

           Step           Time
           8500       17.00000

   Energies (kJ/mol)
           Bond          Angle    Proper Dih. Ryckaert-Bell.          LJ-14
    1.40338e+03    3.65948e+03    2.58323e+02    1.85219e+03    2.73370e+03
     Coulomb-14        LJ (SR)  Disper. corr.   Coulomb (SR)   Coul. recip.
    7.76438e+03    9.38630e+04   -4.56731e+03   -6.35185e+05    2.96007e+03
 Position Rest.      Potential    Kinetic En.   Total Energy  Conserved En.
    4.73636e+02   -5.24784e+05    8.58944e+04   -4.38890e+05   -4.36729e+05
    Temperature Pres. DC (bar) Pressure (bar)   Constr. rmsd
    3.00495e+02   -2.26266e+02    1.21115e+02    3.54144e-06

           Step           Time
           9000       18.00000

   Energies (kJ/mol)
           Bond          Angle    Proper Dih. Ryckaert-Bell.          LJ-14
    1.42157e+03    3.78094e+03    2.43290e+02    1.88125e+03    2.69547e+03
     Coulomb-14        LJ (SR)  Disper. corr.   Coulomb (SR)   Coul. recip.
    7.76809e+03    9.33917e+04   -4.56594e+03   -6.33175e+05    2.97880e+03
 Position Rest.      Potential    Kinetic En.   Total Energy  Conserved En.
    4.76995e+02   -5.23103e+05    8.56656e+04   -4.37437e+05   -4.36732e+05
    Temperature Pres. DC (bar) Pressure (bar)   Constr. rmsd
    2.99695e+02   -2.26130e+02    1.00867e+02    2.73994e-06

           Step           Time
           9500       19.00000

   Energies (kJ/mol)
           Bond          Angle    Proper Dih. Ryckaert-Bell.          LJ-14
    1.47206e+03    3.82364e+03    2.54592e+02    1.92551e+03    2.67598e+03
     Coulomb-14        LJ (SR)  Disper. corr.   Coulomb (SR)   Coul. recip.
    7.91690e+03    9.44990e+04   -4.56550e+03   -6.35262e+05    2.92781e+03
 Position Rest.      Potential    Kinetic En.   Total Energy  Conserved En.
    4.37823e+02   -5.23894e+05    8.51244e+04   -4.38770e+05   -4.36729e+05
    Temperature Pres. DC (bar) Pressure (bar)   Constr. rmsd
    2.97801e+02   -2.26087e+02    1.66255e+02    2.55175e-06

           Step           Time
          10000       20.00000

   Energies (kJ/mol)
           Bond          Angle    Proper Dih. Ryckaert-Bell.          LJ-14
    1.55375e+03    3.60928e+03    2.40031e+02    1.81189e+03    2.73029e+03
     Coulomb-14        LJ (SR)  Disper. corr.   Coulomb (SR)   Coul. recip.
    7.64315e+03    9.30175e+04   -4.55687e+03   -6.33254e+05    2.98311e+03
 Position Rest.      Potential    Kinetic En.   Total Energy  Conserved En.
    4.71704e+02   -5.23750e+05    8.62071e+04   -4.37543e+05   -4.36739e+05
    Temperature Pres. DC (bar) Pressure (bar)   Constr. rmsd
    3.01589e+02   -2.25234e+02    2.04526e+01    2.89751e-06

           Step           Time
          10500       21.00000

   Energies (kJ/mol)
           Bond          Angle    Proper Dih. Ryckaert-Bell.          LJ-14
    1.45255e+03    3.67576e+03    2.65957e+02    1.76147e+03    2.72548e+03
     Coulomb-14        LJ (SR)  Disper. corr.   Coulomb (SR)   Coul. recip.
    7.74828e+03    9.24201e+04   -4.55326e+03   -6.32980e+05    2.96849e+03
 Position Rest.      Potential    Kinetic En.   Total Energy  Conserved En.
    4.93983e+02   -5.24022e+05    8.62471e+04   -4.37774e+05   -4.36733e+05
    Temperature Pres. DC (bar) Pressure (bar)   Constr. rmsd
    3.01729e+02   -2.24877e+02   -1.16422e+02    2.80697e-06

           Step           Time
          11000       22.00000

   Energies (kJ/mol)
           Bond          Angle    Proper Dih. Ryckaert-Bell.          LJ-14
    1.43339e+03    3.87952e+03    2.49664e+02    1.87818e+03    2.66806e+03
     Coulomb-14        LJ (SR)  Disper. corr.   Coulomb (SR)   Coul. recip.
    7.69317e+03    9.32421e+04   -4.54412e+03   -6.32999e+05    2.96369e+03
 Position Rest.      Potential    Kinetic En.   Total Energy  Conserved En.
    4.70879e+02   -5.23064e+05    8.62621e+04   -4.36802e+05   -4.36737e+05
    Temperature Pres. DC (bar) Pressure (bar)   Constr. rmsd
    3.01782e+02   -2.23977e+02    3.56483e+01    2.88126e-06

           Step           Time
          11500       23.00000

   Energies (kJ/mol)
           Bond          Angle    Proper Dih. Ryckaert-Bell.          LJ-14
    1.43087e+03    3.75921e+03    2.46485e+02    1.79583e+03    2.74312e+03
     Coulomb-14        LJ (SR)  Disper. corr.   Coulomb (SR)   Coul. recip.
    7.73631e+03    9.25701e+04   -4.57420e+03   -6.33545e+05    2.90553e+03
 Position Rest.      Potential    Kinetic En.   Total Energy  Conserved En.
    4.17548e+02   -5.24514e+05    8.65523e+04   -4.37962e+05   -4.36746e+05
    Temperature Pres. DC (bar) Pressure (bar)   Constr. rmsd
    3.02797e+02   -2.26948e+02    5.06849e+01    3.08771e-06

           Step           Time
          12000       24.00000

   Energies (kJ/mol)
           Bond          Angle    Proper Dih. Ryckaert-Bell.          LJ-14
    1.52885e+03    3.79955e+03    2.16117e+02    1.89718e+03    2.69428e+03
     Coulomb-14        LJ (SR)  Disper. corr.   Coulomb (SR)   Coul. recip.
    7.85131e+03    9.31023e+04   -4.57075e+03   -6.33690e+05    2.93108e+03
 Position Rest.      Potential    Kinetic En.   Total Energy  Conserved En.
    4.52844e+02   -5.23787e+05    8.61865e+04   -4.37600e+05   -4.36741e+05
    Temperature Pres. DC (bar) Pressure (bar)   Constr. rmsd
    3.01517e+02   -2.26607e+02    4.31794e+01    3.16925e-06

           Step           Time
          12500       25.00000

   Energies (kJ/mol)
           Bond          Angle    Proper Dih. Ryckaert-Bell.          LJ-14
    1.44144e+03    3.59501e+03    2.33698e+02    1.84584e+03    2.69449e+03
     Coulomb-14        LJ (SR)  Disper. corr.   Coulomb (SR)   Coul. recip.
    7.82883e+03    9.28461e+04   -4.56529e+03   -6.34595e+05    2.98161e+03
 Position Rest.      Potential    Kinetic En.   Total Energy  Conserved En.
    4.95218e+02   -5.25198e+05    8.50333e+04   -4.40165e+05   -4.36736e+05
    Temperature Pres. DC (bar) Pressure (bar)   Constr. rmsd
    2.97483e+02   -2.26066e+02   -1.79039e+02    2.76763e-06

           Step           Time
          13000       26.00000

   Energies (kJ/mol)
           Bond          Angle    Proper Dih. Ryckaert-Bell.          LJ-14
    1.50682e+03    3.68568e+03    2.57946e+02    1.81169e+03    2.67606e+03
     Coulomb-14        LJ (SR)  Disper. corr.   Coulomb (SR)   Coul. recip.
    7.71617e+03    9.33857e+04   -4.55430e+03   -6.34378e+05    3.00314e+03
 Position Rest.      Potential    Kinetic En.   Total Energy  Conserved En.
    4.57859e+02   -5.24431e+05    8.58692e+04   -4.38562e+05   -4.36724e+05
    Temperature Pres. DC (bar) Pressure (bar)   Constr. rmsd
    3.00407e+02   -2.24980e+02   -2.31628e+02    2.76217e-06

           Step           Time
          13500       27.00000

   Energies (kJ/mol)
           Bond          Angle    Proper Dih. Ryckaert-Bell.          LJ-14
    1.44545e+03    3.67211e+03    2.42514e+02    1.90532e+03    2.63264e+03
     Coulomb-14        LJ (SR)  Disper. corr.   Coulomb (SR)   Coul. recip.
    7.79419e+03    9.24961e+04   -4.54285e+03   -6.33810e+05    2.97189e+03
 Position Rest.      Potential    Kinetic En.   Total Energy  Conserved En.
    4.37858e+02   -5.24755e+05    8.60664e+04   -4.38688e+05   -4.36751e+05
    Temperature Pres. DC (bar) Pressure (bar)   Constr. rmsd
    3.01097e+02   -2.23852e+02   -3.03665e+02    2.77359e-06

           Step           Time
          14000       28.00000

   Energies (kJ/mol)
           Bond          Angle    Proper Dih. Ryckaert-Bell.          LJ-14
    1.45428e+03    3.82838e+03    2.40821e+02    1.72159e+03    2.66946e+03
     Coulomb-14        LJ (SR)  Disper. corr.   Coulomb (SR)   Coul. recip.
    7.69270e+03    9.33516e+04   -4.56687e+03   -6.34833e+05    2.88450e+03
 Position Rest.      Potential    Kinetic En.   Total Energy  Conserved En.
    4.59987e+02   -5.25097e+05    8.65558e+04   -4.38541e+05   -4.36748e+05
    Temperature Pres. DC (bar) Pressure (bar)   Constr. rmsd
    3.02809e+02   -2.26222e+02    6.65538e+01    2.66171e-06

           Step           Time
          14500       29.00000

   Energies (kJ/mol)
           Bond          Angle    Proper Dih. Ryckaert-Bell.          LJ-14
    1.44491e+03    3.65424e+03    2.79846e+02    1.85321e+03    2.71592e+03
     Coulomb-14        LJ (SR)  Disper. corr.   Coulomb (SR)   Coul. recip.
    7.78736e+03    9.31740e+04   -4.55269e+03   -6.34036e+05    2.91849e+03
 Position Rest.      Potential    Kinetic En.   Total Energy  Conserved En.
    4.86268e+02   -5.24274e+05    8.54193e+04   -4.38855e+05   -4.36740e+05
    Temperature Pres. DC (bar) Pressure (bar)   Constr. rmsd
    2.98833e+02   -2.24821e+02   -1.74198e+02    2.55773e-06

           Step           Time
          15000       30.00000

   Energies (kJ/mol)
           Bond          Angle    Proper Dih. Ryckaert-Bell.          LJ-14
    1.39421e+03    3.69386e+03    2.55902e+02    1.89468e+03    2.69207e+03
     Coulomb-14        LJ (SR)  Disper. corr.   Coulomb (SR)   Coul. recip.
    7.83019e+03    9.37389e+04   -4.55313e+03   -6.34781e+05    2.90434e+03
 Position Rest.      Potential    Kinetic En.   Total Energy  Conserved En.
    4.76587e+02   -5.24454e+05    8.54327e+04   -4.39021e+05   -4.36747e+05
    Temperature Pres. DC (bar) Pressure (bar)   Constr. rmsd
    2.98880e+02   -2.24865e+02   -1.19603e+02    2.83957e-06

           Step           Time
          15500       31.00000

   Energies (kJ/mol)
           Bond          Angle    Proper Dih. Ryckaert-Bell.          LJ-14
    1.38284e+03    3.65909e+03    2.41794e+02    1.91071e+03    2.72343e+03
     Coulomb-14        LJ (SR)  Disper. corr.   Coulomb (SR)   Coul. recip.
    7.76956e+03    9.29411e+04   -4.54105e+03   -6.33205e+05    2.96181e+03
 Position Rest.      Potential    Kinetic En.   Total Energy  Conserved En.
    4.84811e+02   -5.23671e+05    8.61512e+04   -4.37519e+05   -4.36769e+05
    Temperature Pres. DC (bar) Pressure (bar)   Constr. rmsd
    3.01394e+02   -2.23675e+02   -1.37938e+02    3.26115e-06

           Step           Time
          16000       32.00000

   Energies (kJ/mol)
           Bond          Angle    Proper Dih. Ryckaert-Bell.          LJ-14
    1.47044e+03    3.75948e+03    2.74106e+02    1.89397e+03    2.59364e+03
     Coulomb-14        LJ (SR)  Disper. corr.   Coulomb (SR)   Coul. recip.
    7.77563e+03    9.36457e+04   -4.55914e+03   -6.34745e+05    2.93902e+03
 Position Rest.      Potential    Kinetic En.   Total Energy  Conserved En.
    4.48967e+02   -5.24504e+05    8.57340e+04   -4.38770e+05   -4.36744e+05
    Temperature Pres. DC (bar) Pressure (bar)   Constr. rmsd
    2.99934e+02   -2.25458e+02   -1.11804e+02    3.15180e-06

           Step           Time
          16500       33.00000

   Energies (kJ/mol)
           Bond          Angle    Proper Dih. Ryckaert-Bell.          LJ-14
    1.43340e+03    3.73695e+03    2.69594e+02    1.94278e+03    2.68960e+03
     Coulomb-14        LJ (SR)  Disper. corr.   Coulomb (SR)   Coul. recip.
    7.86016e+03    9.39844e+04   -4.55582e+03   -6.34857e+05    2.92056e+03
 Position Rest.      Potential    Kinetic En.   Total Energy  Conserved En.
    4.77338e+02   -5.24098e+05    8.56841e+04   -4.38414e+05   -4.36747e+05
    Temperature Pres. DC (bar) Pressure (bar)   Constr. rmsd
    2.99759e+02   -2.25131e+02    1.00586e+02    2.76167e-06

           Step           Time
          17000       34.00000

   Energies (kJ/mol)
           Bond          Angle    Proper Dih. Ryckaert-Bell.          LJ-14
    1.41060e+03    3.61940e+03    2.49123e+02    1.99913e+03    2.63453e+03
     Coulomb-14        LJ (SR)  Disper. corr.   Coulomb (SR)   Coul. recip.
    7.76268e+03    9.34652e+04   -4.56329e+03   -6.34056e+05    2.96288e+03
 Position Rest.      Potential    Kinetic En.   Total Energy  Conserved En.
    4.48068e+02   -5.24068e+05    8.44180e+04   -4.39650e+05   -4.36727e+05
    Temperature Pres. DC (bar) Pressure (bar)   Constr. rmsd
    2.95330e+02   -2.25868e+02   -4.24126e+00    2.71567e-06

           Step           Time
          17500       35.00000

   Energies (kJ/mol)
           Bond          Angle    Proper Dih. Ryckaert-Bell.          LJ-14
    1.38142e+03    3.68701e+03    2.58831e+02    1.95025e+03    2.68068e+03
     Coulomb-14        LJ (SR)  Disper. corr.   Coulomb (SR)   Coul. recip.
    7.71171e+03    9.33676e+04   -4.56108e+03   -6.34355e+05    2.92166e+03
 Position Rest.      Potential    Kinetic En.   Total Energy  Conserved En.
    5.01038e+02   -5.24456e+05    8.57288e+04   -4.38727e+05   -4.36734e+05
    Temperature Pres. DC (bar) Pressure (bar)   Constr. rmsd
    2.99916e+02   -2.25649e+02    9.03009e+01    2.94493e-06

           Step           Time
          18000       36.00000

   Energies (kJ/mol)
           Bond          Angle    Proper Dih. Ryckaert-Bell.          LJ-14
    1.47132e+03    3.65074e+03    2.41513e+02    1.83730e+03    2.70627e+03
     Coulomb-14        LJ (SR)  Disper. corr.   Coulomb (SR)   Coul. recip.
    7.76053e+03    9.40862e+04   -4.55596e+03   -6.36268e+05    2.87942e+03
 Position Rest.      Potential    Kinetic En.   Total Energy  Conserved En.
    5.24627e+02   -5.25666e+05    8.61046e+04   -4.39562e+05   -4.36744e+05
    Temperature Pres. DC (bar) Pressure (bar)   Constr. rmsd
    3.01230e+02   -2.25144e+02    3.71867e-01    3.26537e-06

           Step           Time
          18500       37.00000

   Energies (kJ/mol)
           Bond          Angle    Proper Dih. Ryckaert-Bell.          LJ-14
    1.52697e+03    3.75281e+03    1.89457e+02    1.83787e+03    2.66697e+03
     Coulomb-14        LJ (SR)  Disper. corr.   Coulomb (SR)   Coul. recip.
    7.77194e+03    9.47329e+04   -4.56061e+03   -6.37121e+05    2.93602e+03
 Position Rest.      Potential    Kinetic En.   Total Energy  Conserved En.
    4.78588e+02   -5.25788e+05    8.61505e+04   -4.39638e+05   -4.36755e+05
    Temperature Pres. DC (bar) Pressure (bar)   Constr. rmsd
    3.01391e+02   -2.25603e+02    4.08927e+01    3.04961e-06

           Step           Time
          19000       38.00000

   Energies (kJ/mol)
           Bond          Angle    Proper Dih. Ryckaert-Bell.          LJ-14
    1.42553e+03    3.60916e+03    2.16814e+02    1.77885e+03    2.69495e+03
     Coulomb-14        LJ (SR)  Disper. corr.   Coulomb (SR)   Coul. recip.
    7.72339e+03    9.36822e+04   -4.54955e+03   -6.35556e+05    2.91195e+03
 Position Rest.      Potential    Kinetic En.   Total Energy  Conserved En.
    4.45058e+02   -5.25617e+05    8.46201e+04   -4.40997e+05   -4.36746e+05
    Temperature Pres. DC (bar) Pressure (bar)   Constr. rmsd
    2.96037e+02   -2.24511e+02    4.73367e+01    3.06146e-06

           Step           Time
          19500       39.00000

   Energies (kJ/mol)
           Bond          Angle    Proper Dih. Ryckaert-Bell.          LJ-14
    1.43417e+03    3.77488e+03    2.68837e+02    1.96616e+03    2.66124e+03
     Coulomb-14        LJ (SR)  Disper. corr.   Coulomb (SR)   Coul. recip.
    7.75633e+03    9.52485e+04   -4.57961e+03   -6.36100e+05    2.94661e+03
 Position Rest.      Potential    Kinetic En.   Total Energy  Conserved En.
    4.88382e+02   -5.24135e+05    8.54919e+04   -4.38643e+05   -4.36731e+05
    Temperature Pres. DC (bar) Pressure (bar)   Constr. rmsd
    2.99087e+02   -2.27485e+02    3.49845e+02    3.00978e-06

           Step           Time
          20000       40.00000

   Energies (kJ/mol)
           Bond          Angle    Proper Dih. Ryckaert-Bell.          LJ-14
    1.50958e+03    3.64372e+03    2.59283e+02    1.84245e+03    2.66847e+03
     Coulomb-14        LJ (SR)  Disper. corr.   Coulomb (SR)   Coul. recip.
    7.79885e+03    9.40498e+04   -4.56512e+03   -6.34810e+05    2.98256e+03
 Position Rest.      Potential    Kinetic En.   Total Energy  Conserved En.
    4.94299e+02   -5.24126e+05    8.57954e+04   -4.38330e+05   -4.36740e+05
    Temperature Pres. DC (bar) Pressure (bar)   Constr. rmsd
    3.00149e+02   -2.26049e+02    1.32096e+02    2.83123e-06

           Step           Time
          20500       41.00000

   Energies (kJ/mol)
           Bond          Angle    Proper Dih. Ryckaert-Bell.          LJ-14
    1.47833e+03    3.73581e+03    2.29974e+02    1.79347e+03    2.66134e+03
     Coulomb-14        LJ (SR)  Disper. corr.   Coulomb (SR)   Coul. recip.
    7.86344e+03    9.27433e+04   -4.55817e+03   -6.33722e+05    2.86512e+03
 Position Rest.      Potential    Kinetic En.   Total Energy  Conserved En.
    4.96681e+02   -5.24413e+05    8.57374e+04   -4.38676e+05   -4.36726e+05
    Temperature Pres. DC (bar) Pressure (bar)   Constr. rmsd
    2.99946e+02   -2.25362e+02   -2.31303e+02    2.63869e-06

           Step           Time
          21000       42.00000

   Energies (kJ/mol)
           Bond          Angle    Proper Dih. Ryckaert-Bell.          LJ-14
    1.43936e+03    3.65026e+03    2.14974e+02    1.86642e+03    2.68677e+03
     Coulomb-14        LJ (SR)  Disper. corr.   Coulomb (SR)   Coul. recip.
    7.81827e+03    9.35520e+04   -4.56202e+03   -6.35443e+05    3.05237e+03
 Position Rest.      Potential    Kinetic En.   Total Energy  Conserved En.
    4.64618e+02   -5.25260e+05    8.53652e+04   -4.39894e+05   -4.36719e+05
    Temperature Pres. DC (bar) Pressure (bar)   Constr. rmsd
    2.98644e+02   -2.25742e+02    4.07459e+01    2.98791e-06

           Step           Time
          21500       43.00000

   Energies (kJ/mol)
           Bond          Angle    Proper Dih. Ryckaert-Bell.          LJ-14
    1.51943e+03    3.62475e+03    2.42429e+02    1.88472e+03    2.75003e+03
     Coulomb-14        LJ (SR)  Disper. corr.   Coulomb (SR)   Coul. recip.
    7.77542e+03    9.31253e+04   -4.55444e+03   -6.33967e+05    2.95754e+03
 Position Rest.      Potential    Kinetic En.   Total Energy  Conserved En.
    4.92856e+02   -5.24149e+05    8.61083e+04   -4.38040e+05   -4.36737e+05
    Temperature Pres. DC (bar) Pressure (bar)   Constr. rmsd
    3.01243e+02   -2.24994e+02   -1.27434e+01    2.62649e-06

           Step           Time
          22000       44.00000

   Energies (kJ/mol)
           Bond          Angle    Proper Dih. Ryckaert-Bell.          LJ-14
    1.34134e+03    3.73646e+03    2.66198e+02    1.82576e+03    2.76526e+03
     Coulomb-14        LJ (SR)  Disper. corr.   Coulomb (SR)   Coul. recip.
    7.86395e+03    9.40170e+04   -4.54083e+03   -6.34190e+05    3.07588e+03
 Position Rest.      Potential    Kinetic En.   Total Energy  Conserved En.
    5.15196e+02   -5.23323e+05    8.55536e+04   -4.37770e+05   -4.36735e+05
    Temperature Pres. DC (bar) Pressure (bar)   Constr. rmsd
    2.99303e+02   -2.23653e+02    1.56323e+02    2.97404e-06

           Step           Time
          22500       45.00000

   Energies (kJ/mol)
           Bond          Angle    Proper Dih. Ryckaert-Bell.          LJ-14
    1.55499e+03    3.73688e+03    2.41663e+02    1.82773e+03    2.62841e+03
     Coulomb-14        LJ (SR)  Disper. corr.   Coulomb (SR)   Coul. recip.
    7.74596e+03    9.28692e+04   -4.55956e+03   -6.34501e+05    2.91580e+03
 Position Rest.      Potential    Kinetic En.   Total Energy  Conserved En.
    4.97856e+02   -5.25042e+05    8.51485e+04   -4.39893e+05   -4.36721e+05
    Temperature Pres. DC (bar) Pressure (bar)   Constr. rmsd
    2.97886e+02   -2.25500e+02   -3.27880e+02    2.87329e-06

           Step           Time
          23000       46.00000

   Energies (kJ/mol)
           Bond          Angle    Proper Dih. Ryckaert-Bell.          LJ-14
    1.37558e+03    3.75120e+03    2.42803e+02    1.78836e+03    2.77497e+03
     Coulomb-14        LJ (SR)  Disper. corr.   Coulomb (SR)   Coul. recip.
    7.80116e+03    9.40215e+04   -4.58438e+03   -6.35453e+05    2.93035e+03
 Position Rest.      Potential    Kinetic En.   Total Energy  Conserved En.
    4.87148e+02   -5.24865e+05    8.58406e+04   -4.39024e+05   -4.36724e+05
    Temperature Pres. DC (bar) Pressure (bar)   Constr. rmsd
    3.00307e+02   -2.27958e+02    1.54583e+02    2.68061e-06

           Step           Time
          23500       47.00000

   Energies (kJ/mol)
           Bond          Angle    Proper Dih. Ryckaert-Bell.          LJ-14
    1.48132e+03    3.69388e+03    2.51235e+02    1.92901e+03    2.68160e+03
     Coulomb-14        LJ (SR)  Disper. corr.   Coulomb (SR)   Coul. recip.
    7.74016e+03    9.38244e+04   -4.57500e+03   -6.35526e+05    2.93047e+03
 Position Rest.      Potential    Kinetic En.   Total Energy  Conserved En.
    4.99057e+02   -5.25070e+05    8.50710e+04   -4.39999e+05   -4.36714e+05
    Temperature Pres. DC (bar) Pressure (bar)   Constr. rmsd
    2.97614e+02   -2.27027e+02    9.22628e+01    2.73752e-06

           Step           Time
          24000       48.00000

   Energies (kJ/mol)
           Bond          Angle    Proper Dih. Ryckaert-Bell.          LJ-14
    1.55738e+03    3.67718e+03    2.70046e+02    1.86168e+03    2.67761e+03
     Coulomb-14        LJ (SR)  Disper. corr.   Coulomb (SR)   Coul. recip.
    7.71037e+03    9.40438e+04   -4.58736e+03   -6.35117e+05    2.91290e+03
 Position Rest.      Potential    Kinetic En.   Total Energy  Conserved En.
    4.79056e+02   -5.24514e+05    8.65078e+04   -4.38006e+05   -4.36734e+05
    Temperature Pres. DC (bar) Pressure (bar)   Constr. rmsd
    3.02641e+02   -2.28255e+02   -2.61416e+00    3.02089e-06

           Step           Time
          24500       49.00000

   Energies (kJ/mol)
           Bond          Angle    Proper Dih. Ryckaert-Bell.          LJ-14
    1.46236e+03    3.92223e+03    2.48364e+02    1.89432e+03    2.67956e+03
     Coulomb-14        LJ (SR)  Disper. corr.   Coulomb (SR)   Coul. recip.
    7.75334e+03    9.52205e+04   -4.56410e+03   -6.35561e+05    2.95901e+03
 Position Rest.      Potential    Kinetic En.   Total Energy  Conserved En.
    4.52443e+02   -5.23533e+05    8.56548e+04   -4.37878e+05   -4.36699e+05
    Temperature Pres. DC (bar) Pressure (bar)   Constr. rmsd
    2.99657e+02   -2.25948e+02    2.98748e+02    2.96616e-06

           Step           Time
          25000       50.00000

   Energies (kJ/mol)
           Bond          Angle    Proper Dih. Ryckaert-Bell.          LJ-14
    1.47510e+03    3.81110e+03    2.26292e+02    1.80613e+03    2.62249e+03
     Coulomb-14        LJ (SR)  Disper. corr.   Coulomb (SR)   Coul. recip.
    7.68171e+03    9.29726e+04   -4.55895e+03   -6.33892e+05    2.94609e+03
 Position Rest.      Potential    Kinetic En.   Total Energy  Conserved En.
    4.62126e+02   -5.24447e+05    8.54014e+04   -4.39046e+05   -4.36713e+05
    Temperature Pres. DC (bar) Pressure (bar)   Constr. rmsd
    2.98770e+02   -2.25440e+02   -1.45965e+02    2.76804e-06

           Step           Time
          25500       51.00000

   Energies (kJ/mol)
           Bond          Angle    Proper Dih. Ryckaert-Bell.          LJ-14
    1.43933e+03    3.71670e+03    2.43546e+02    1.80943e+03    2.68939e+03
     Coulomb-14        LJ (SR)  Disper. corr.   Coulomb (SR)   Coul. recip.
    7.83060e+03    9.46139e+04   -4.58870e+03   -6.36836e+05    2.93852e+03
 Position Rest.      Potential    Kinetic En.   Total Energy  Conserved En.
    4.64635e+02   -5.25679e+05    8.56319e+04   -4.40047e+05   -4.36729e+05
    Temperature Pres. DC (bar) Pressure (bar)   Constr. rmsd
    2.99577e+02   -2.28388e+02    2.01573e+02    2.66140e-06

           Step           Time
          26000       52.00000

   Energies (kJ/mol)
           Bond          Angle    Proper Dih. Ryckaert-Bell.          LJ-14
    1.52668e+03    3.79868e+03    2.59070e+02    1.95027e+03    2.68133e+03
     Coulomb-14        LJ (SR)  Disper. corr.   Coulomb (SR)   Coul. recip.
    7.76931e+03    9.26152e+04   -4.55440e+03   -6.32270e+05    2.97116e+03
 Position Rest.      Potential    Kinetic En.   Total Energy  Conserved En.
    4.50806e+02   -5.22801e+05    8.70815e+04   -4.35720e+05   -4.36725e+05
    Temperature Pres. DC (bar) Pressure (bar)   Constr. rmsd
    3.04648e+02   -2.24990e+02   -1.49371e+01    2.96540e-06

           Step           Time
          26500       53.00000

   Energies (kJ/mol)
           Bond          Angle    Proper Dih. Ryckaert-Bell.          LJ-14
    1.44182e+03    3.64376e+03    2.54005e+02    1.80704e+03    2.63616e+03
     Coulomb-14        LJ (SR)  Disper. corr.   Coulomb (SR)   Coul. recip.
    7.70069e+03    9.17978e+04   -4.55973e+03   -6.32103e+05    2.96684e+03
 Position Rest.      Potential    Kinetic En.   Total Energy  Conserved En.
    4.47053e+02   -5.23967e+05    8.51923e+04   -4.38775e+05   -4.36728e+05
    Temperature Pres. DC (bar) Pressure (bar)   Constr. rmsd
    2.98039e+02   -2.25516e+02   -2.88333e+02    3.03657e-06

           Step           Time
          27000       54.00000

   Energies (kJ/mol)
           Bond          Angle    Proper Dih. Ryckaert-Bell.          LJ-14
    1.51374e+03    3.83250e+03    2.42522e+02    1.89279e+03    2.64307e+03
     Coulomb-14        LJ (SR)  Disper. corr.   Coulomb (SR)   Coul. recip.
    7.70422e+03    9.27123e+04   -4.55640e+03   -6.33136e+05    2.96432e+03
 Position Rest.      Potential    Kinetic En.   Total Energy  Conserved En.
    5.10982e+02   -5.23676e+05    8.60996e+04   -4.37576e+05   -4.36717e+05
    Temperature Pres. DC (bar) Pressure (bar)   Constr. rmsd
    3.01213e+02   -2.25187e+02   -1.91737e+02    2.73231e-06

           Step           Time
          27500       55.00000

   Energies (kJ/mol)
           Bond          Angle    Proper Dih. Ryckaert-Bell.          LJ-14
    1.52876e+03    3.85388e+03    2.54115e+02    1.77032e+03    2.67354e+03
     Coulomb-14        LJ (SR)  Disper. corr.   Coulomb (SR)   Coul. recip.
    7.77139e+03    9.44725e+04   -4.56728e+03   -6.35731e+05    3.00261e+03
 Position Rest.      Potential    Kinetic En.   Total Energy  Conserved En.
    4.97689e+02   -5.24473e+05    8.55577e+04   -4.38915e+05   -4.36713e+05
    Temperature Pres. DC (bar) Pressure (bar)   Constr. rmsd
    2.99317e+02   -2.26263e+02    2.55998e+02    2.83381e-06

           Step           Time
          28000       56.00000

   Energies (kJ/mol)
           Bond          Angle    Proper Dih. Ryckaert-Bell.          LJ-14
    1.58141e+03    3.69469e+03    2.72157e+02    1.83064e+03    2.61219e+03
     Coulomb-14        LJ (SR)  Disper. corr.   Coulomb (SR)   Coul. recip.
    7.63899e+03    9.21980e+04   -4.54714e+03   -6.33368e+05    3.00572e+03
 Position Rest.      Potential    Kinetic En.   Total Energy  Conserved En.
    4.74080e+02   -5.24607e+05    8.62195e+04   -4.38388e+05   -4.36718e+05
    Temperature Pres. DC (bar) Pressure (bar)   Constr. rmsd
    3.01632e+02   -2.24274e+02   -2.04587e+02    2.78808e-06

           Step           Time
          28500       57.00000

   Energies (kJ/mol)
           Bond          Angle    Proper Dih. Ryckaert-Bell.          LJ-14
    1.46723e+03    3.73601e+03    2.24936e+02    1.84610e+03    2.71658e+03
     Coulomb-14        LJ (SR)  Disper. corr.   Coulomb (SR)   Coul. recip.
    7.81058e+03    9.32969e+04   -4.54864e+03   -6.33777e+05    2.97172e+03
 Position Rest.      Potential    Kinetic En.   Total Energy  Conserved En.
    4.83378e+02   -5.23772e+05    8.63839e+04   -4.37388e+05   -4.36718e+05
    Temperature Pres. DC (bar) Pressure (bar)   Constr. rmsd
    3.02207e+02   -2.24422e+02    9.82379e+00    2.84107e-06

           Step           Time
          29000       58.00000

   Energies (kJ/mol)
           Bond          Angle    Proper Dih. Ryckaert-Bell.          LJ-14
    1.45600e+03    3.62220e+03    2.39599e+02    1.81868e+03    2.68199e+03
     Coulomb-14        LJ (SR)  Disper. corr.   Coulomb (SR)   Coul. recip.
    7.74042e+03    9.31482e+04   -4.56791e+03   -6.34701e+05    2.93463e+03
 Position Rest.      Potential    Kinetic En.   Total Energy  Conserved En.
    5.28582e+02   -5.25099e+05    8.54961e+04   -4.39603e+05   -4.36731e+05
    Temperature Pres. DC (bar) Pressure (bar)   Constr. rmsd
    2.99102e+02   -2.26325e+02   -1.31837e+02    3.08279e-06

           Step           Time
          29500       59.00000

   Energies (kJ/mol)
           Bond          Angle    Proper Dih. Ryckaert-Bell.          LJ-14
    1.49953e+03    3.72946e+03    2.16531e+02    1.81892e+03    2.64211e+03
     Coulomb-14        LJ (SR)  Disper. corr.   Coulomb (SR)   Coul. recip.
    7.78933e+03    9.35690e+04   -4.54485e+03   -6.34760e+05    3.04763e+03
 Position Rest.      Potential    Kinetic En.   Total Energy  Conserved En.
    4.91536e+02   -5.24501e+05    8.62803e+04   -4.38221e+05   -4.36728e+05
    Temperature Pres. DC (bar) Pressure (bar)   Constr. rmsd
    3.01845e+02   -2.24049e+02    1.94961e+00    2.95957e-06

           Step           Time
          30000       60.00000

   Energies (kJ/mol)
           Bond          Angle    Proper Dih. Ryckaert-Bell.          LJ-14
    1.46533e+03    3.75798e+03    2.51854e+02    1.83141e+03    2.74148e+03
     Coulomb-14        LJ (SR)  Disper. corr.   Coulomb (SR)   Coul. recip.
    7.78800e+03    9.27178e+04   -4.55724e+03   -6.33967e+05    2.95878e+03
 Position Rest.      Potential    Kinetic En.   Total Energy  Conserved En.
    4.70589e+02   -5.24541e+05    8.55754e+04   -4.38966e+05   -4.36715e+05
    Temperature Pres. DC (bar) Pressure (bar)   Constr. rmsd
    2.99379e+02   -2.25270e+02   -4.63666e+01    2.67376e-06

           Step           Time
          30500       61.00000

   Energies (kJ/mol)
           Bond          Angle    Proper Dih. Ryckaert-Bell.          LJ-14
    1.48672e+03    3.58807e+03    2.84782e+02    1.98415e+03    2.64277e+03
     Coulomb-14        LJ (SR)  Disper. corr.   Coulomb (SR)   Coul. recip.
    7.75102e+03    9.25880e+04   -4.54624e+03   -6.33058e+05    2.88632e+03
 Position Rest.      Potential    Kinetic En.   Total Energy  Conserved En.
    5.05802e+02   -5.23887e+05    8.54567e+04   -4.38430e+05   -4.36722e+05
    Temperature Pres. DC (bar) Pressure (bar)   Constr. rmsd
    2.98964e+02   -2.24185e+02   -2.84251e+02    2.86905e-06

           Step           Time
          31000       62.00000

   Energies (kJ/mol)
           Bond          Angle    Proper Dih. Ryckaert-Bell.          LJ-14
    1.44413e+03    3.81060e+03    2.24570e+02    1.82033e+03    2.64715e+03
     Coulomb-14        LJ (SR)  Disper. corr.   Coulomb (SR)   Coul. recip.
    7.74982e+03    9.33326e+04   -4.56400e+03   -6.35848e+05    2.93860e+03
 Position Rest.      Potential    Kinetic En.   Total Energy  Conserved En.
    4.68347e+02   -5.25976e+05    8.55889e+04   -4.40387e+05   -4.36719e+05
    Temperature Pres. DC (bar) Pressure (bar)   Constr. rmsd
    2.99427e+02   -2.25938e+02   -2.31683e+02    2.86045e-06

           Step           Time
          31500       63.00000

   Energies (kJ/mol)
           Bond          Angle    Proper Dih. Ryckaert-Bell.          LJ-14
    1.38736e+03    3.75090e+03    2.69241e+02    1.84922e+03    2.79668e+03
     Coulomb-14        LJ (SR)  Disper. corr.   Coulomb (SR)   Coul. recip.
    7.78385e+03    9.31818e+04   -4.56321e+03   -6.33750e+05    2.91866e+03
 Position Rest.      Potential    Kinetic En.   Total Energy  Conserved En.
    4.80197e+02   -5.23895e+05    8.60265e+04   -4.37869e+05   -4.36732e+05
    Temperature Pres. DC (bar) Pressure (bar)   Constr. rmsd
    3.00957e+02   -2.25860e+02    5.99929e+01    2.86365e-06

           Step           Time
          32000       64.00000

   Energies (kJ/mol)
           Bond          Angle    Proper Dih. Ryckaert-Bell.          LJ-14
    1.39478e+03    3.80534e+03    2.67783e+02    1.89413e+03    2.66774e+03
     Coulomb-14        LJ (SR)  Disper. corr.   Coulomb (SR)   Coul. recip.
    7.87975e+03    9.31270e+04   -4.55040e+03   -6.34660e+05    2.95574e+03
 Position Rest.      Potential    Kinetic En.   Total Energy  Conserved En.
    4.72807e+02   -5.24745e+05    8.64444e+04   -4.38301e+05   -4.36730e+05
    Temperature Pres. DC (bar) Pressure (bar)   Constr. rmsd
    3.02419e+02   -2.24595e+02   -1.65034e+02    2.81958e-06

           Step           Time
          32500       65.00000

   Energies (kJ/mol)
           Bond          Angle    Proper Dih. Ryckaert-Bell.          LJ-14
    1.44307e+03    3.73583e+03    2.25513e+02    1.88419e+03    2.63275e+03
     Coulomb-14        LJ (SR)  Disper. corr.   Coulomb (SR)   Coul. recip.
    7.67429e+03    9.33170e+04   -4.57705e+03   -6.33850e+05    2.87562e+03
 Position Rest.      Potential    Kinetic En.   Total Energy  Conserved En.
    5.46104e+02   -5.24092e+05    8.59079e+04   -4.38184e+05   -4.36745e+05
    Temperature Pres. DC (bar) Pressure (bar)   Constr. rmsd
    3.00542e+02   -2.27231e+02    1.93579e+01    2.96186e-06

           Step           Time
          33000       66.00000

   Energies (kJ/mol)
           Bond          Angle    Proper Dih. Ryckaert-Bell.          LJ-14
    1.45267e+03    3.64437e+03    2.41471e+02    1.83096e+03    2.77473e+03
     Coulomb-14        LJ (SR)  Disper. corr.   Coulomb (SR)   Coul. recip.
    7.86167e+03    9.34398e+04   -4.55927e+03   -6.33954e+05    3.05421e+03
 Position Rest.      Potential    Kinetic En.   Total Energy  Conserved En.
    4.64590e+02   -5.23749e+05    8.57645e+04   -4.37984e+05   -4.36729e+05
    Temperature Pres. DC (bar) Pressure (bar)   Constr. rmsd
    3.00041e+02   -2.25471e+02    6.57408e+01    2.88956e-06

           Step           Time
          33500       67.00000

   Energies (kJ/mol)
           Bond          Angle    Proper Dih. Ryckaert-Bell.          LJ-14
    1.36323e+03    3.51920e+03    2.40956e+02    1.82792e+03    2.78800e+03
     Coulomb-14        LJ (SR)  Disper. corr.   Coulomb (SR)   Coul. recip.
    7.77042e+03    9.33446e+04   -4.55498e+03   -6.34543e+05    2.98819e+03
 Position Rest.      Potential    Kinetic En.   Total Energy  Conserved En.
    4.68772e+02   -5.24787e+05    8.49685e+04   -4.39818e+05   -4.36732e+05
    Temperature Pres. DC (bar) Pressure (bar)   Constr. rmsd
    2.97256e+02   -2.25047e+02    1.46533e+02    3.00663e-06

           Step           Time
          34000       68.00000

   Energies (kJ/mol)
           Bond          Angle    Proper Dih. Ryckaert-Bell.          LJ-14
    1.45985e+03    3.55146e+03    2.46445e+02    1.89455e+03    2.73041e+03
     Coulomb-14        LJ (SR)  Disper. corr.   Coulomb (SR)   Coul. recip.
    7.87301e+03    9.28635e+04   -4.56336e+03   -6.34386e+05    2.88200e+03
 Position Rest.      Potential    Kinetic En.   Total Energy  Conserved En.
    4.95611e+02   -5.24953e+05    8.47769e+04   -4.40176e+05   -4.36734e+05
    Temperature Pres. DC (bar) Pressure (bar)   Constr. rmsd
    2.96585e+02   -2.25875e+02   -2.40466e+02    2.68932e-06

           Step           Time
          34500       69.00000

   Energies (kJ/mol)
           Bond          Angle    Proper Dih. Ryckaert-Bell.          LJ-14
    1.47679e+03    3.54110e+03    2.62547e+02    1.88016e+03    2.62764e+03
     Coulomb-14        LJ (SR)  Disper. corr.   Coulomb (SR)   Coul. recip.
    7.76479e+03    9.30253e+04   -4.57831e+03   -6.33755e+05    2.94926e+03
 Position Rest.      Potential    Kinetic En.   Total Energy  Conserved En.
    4.41590e+02   -5.24364e+05    8.54858e+04   -4.38878e+05   -4.36742e+05
    Temperature Pres. DC (bar) Pressure (bar)   Constr. rmsd
    2.99066e+02   -2.27355e+02   -1.42454e+02    3.14907e-06

           Step           Time
          35000       70.00000

   Energies (kJ/mol)
           Bond          Angle    Proper Dih. Ryckaert-Bell.          LJ-14
    1.52972e+03    3.80072e+03    2.69436e+02    1.90458e+03    2.65476e+03
     Coulomb-14        LJ (SR)  Disper. corr.   Coulomb (SR)   Coul. recip.
    7.69670e+03    9.22023e+04   -4.53924e+03   -6.31851e+05    2.88054e+03
 Position Rest.      Potential    Kinetic En.   Total Energy  Conserved En.
    5.06414e+02   -5.22945e+05    8.57585e+04   -4.37186e+05   -4.36716e+05
    Temperature Pres. DC (bar) Pressure (bar)   Constr. rmsd
    3.00020e+02   -2.23496e+02   -3.42056e+02    2.77715e-06

           Step           Time
          35500       71.00000

   Energies (kJ/mol)
           Bond          Angle    Proper Dih. Ryckaert-Bell.          LJ-14
    1.42438e+03    3.78477e+03    2.44639e+02    1.91037e+03    2.71257e+03
     Coulomb-14        LJ (SR)  Disper. corr.   Coulomb (SR)   Coul. recip.
    7.77869e+03    9.39530e+04   -4.56066e+03   -6.35163e+05    2.93604e+03
 Position Rest.      Potential    Kinetic En.   Total Energy  Conserved En.
    5.10571e+02   -5.24468e+05    8.55983e+04   -4.38870e+05   -4.36719e+05
    Temperature Pres. DC (bar) Pressure (bar)   Constr. rmsd
    2.99459e+02   -2.25608e+02   -8.44546e+00    3.18600e-06

           Step           Time
          36000       72.00000

   Energies (kJ/mol)
           Bond          Angle    Proper Dih. Ryckaert-Bell.          LJ-14
    1.57900e+03    3.65200e+03    2.59642e+02    1.87642e+03    2.67646e+03
     Coulomb-14        LJ (SR)  Disper. corr.   Coulomb (SR)   Coul. recip.
    7.71529e+03    9.40956e+04   -4.56545e+03   -6.35704e+05    2.93513e+03
 Position Rest.      Potential    Kinetic En.   Total Energy  Conserved En.
    4.91107e+02   -5.24988e+05    8.62221e+04   -4.38766e+05   -4.36734e+05
    Temperature Pres. DC (bar) Pressure (bar)   Constr. rmsd
    3.01642e+02   -2.26082e+02   -5.77098e+01    2.80030e-06

           Step           Time
          36500       73.00000

   Energies (kJ/mol)
           Bond          Angle    Proper Dih. Ryckaert-Bell.          LJ-14
    1.33457e+03    3.71400e+03    2.73391e+02    1.80097e+03    2.67566e+03
     Coulomb-14        LJ (SR)  Disper. corr.   Coulomb (SR)   Coul. recip.
    7.72693e+03    9.43102e+04   -4.56247e+03   -6.36233e+05    2.89431e+03
 Position Rest.      Potential    Kinetic En.   Total Energy  Conserved En.
    4.50560e+02   -5.25615e+05    8.57522e+04   -4.39863e+05   -4.36748e+05
    Temperature Pres. DC (bar) Pressure (bar)   Constr. rmsd
    2.99998e+02   -2.25787e+02   -1.33100e+01    2.99748e-06

           Step           Time
          37000       74.00000

   Energies (kJ/mol)
           Bond          Angle    Proper Dih. Ryckaert-Bell.          LJ-14
    1.47863e+03    3.91602e+03    2.47410e+02    1.80270e+03    2.66758e+03
     Coulomb-14        LJ (SR)  Disper. corr.   Coulomb (SR)   Coul. recip.
    7.66831e+03    9.42648e+04   -4.55577e+03   -6.35566e+05    2.97200e+03
 Position Rest.      Potential    Kinetic En.   Total Energy  Conserved En.
    5.38005e+02   -5.24566e+05    8.62686e+04   -4.38298e+05   -4.36723e+05
    Temperature Pres. DC (bar) Pressure (bar)   Constr. rmsd
    3.01804e+02   -2.25125e+02    1.32011e+02    3.25333e-06

           Step           Time
          37500       75.00000

   Energies (kJ/mol)
           Bond          Angle    Proper Dih. Ryckaert-Bell.          LJ-14
    1.43513e+03    3.69633e+03    2.81952e+02    1.85045e+03    2.69183e+03
     Coulomb-14        LJ (SR)  Disper. corr.   Coulomb (SR)   Coul. recip.
    7.86180e+03    9.41654e+04   -4.57877e+03   -6.35723e+05    2.89814e+03
 Position Rest.      Potential    Kinetic En.   Total Energy  Conserved En.
    4.67096e+02   -5.24954e+05    8.54288e+04   -4.39525e+05   -4.36752e+05
    Temperature Pres. DC (bar) Pressure (bar)   Constr. rmsd
    2.98866e+02   -2.27402e+02    1.26583e+02    2.66802e-06

           Step           Time
          38000       76.00000

   Energies (kJ/mol)
           Bond          Angle    Proper Dih. Ryckaert-Bell.          LJ-14
    1.49206e+03    3.70875e+03    2.52386e+02    1.83588e+03    2.66208e+03
     Coulomb-14        LJ (SR)  Disper. corr.   Coulomb (SR)   Coul. recip.
    7.68546e+03    9.30402e+04   -4.57501e+03   -6.35297e+05    2.97752e+03
 Position Rest.      Potential    Kinetic En.   Total Energy  Conserved En.
    5.03532e+02   -5.25714e+05    8.61092e+04   -4.39605e+05   -4.36739e+05
    Temperature Pres. DC (bar) Pressure (bar)   Constr. rmsd
    3.01247e+02   -2.27028e+02   -1.71589e+02    2.98949e-06

           Step           Time
          38500       77.00000

   Energies (kJ/mol)
           Bond          Angle    Proper Dih. Ryckaert-Bell.          LJ-14
    1.42743e+03    3.63542e+03    2.39975e+02    1.82670e+03    2.68599e+03
     Coulomb-14        LJ (SR)  Disper. corr.   Coulomb (SR)   Coul. recip.
    7.72634e+03    9.32995e+04   -4.57847e+03   -6.34474e+05    2.95174e+03
 Position Rest.      Potential    Kinetic En.   Total Energy  Conserved En.
    4.51217e+02   -5.24808e+05    8.55172e+04   -4.39290e+05   -4.36742e+05
    Temperature Pres. DC (bar) Pressure (bar)   Constr. rmsd
    2.99175e+02   -2.27371e+02    9.11331e+01    2.97730e-06

           Step           Time
          39000       78.00000

   Energies (kJ/mol)
           Bond          Angle    Proper Dih. Ryckaert-Bell.          LJ-14
    1.33756e+03    4.07652e+03    2.25743e+02    1.73862e+03    2.61943e+03
     Coulomb-14        LJ (SR)  Disper. corr.   Coulomb (SR)   Coul. recip.
    7.74323e+03    9.35922e+04   -4.57033e+03   -6.35071e+05    2.85051e+03
 Position Rest.      Potential    Kinetic En.   Total Energy  Conserved En.
    4.71802e+02   -5.24986e+05    8.56886e+04   -4.39297e+05   -4.36731e+05
    Temperature Pres. DC (bar) Pressure (bar)   Constr. rmsd
    2.99775e+02   -2.26565e+02   -7.98512e+01    2.75760e-06

           Step           Time
          39500       79.00000

   Energies (kJ/mol)
           Bond          Angle    Proper Dih. Ryckaert-Bell.          LJ-14
    1.38601e+03    3.63709e+03    2.43789e+02    1.84848e+03    2.75319e+03
     Coulomb-14        LJ (SR)  Disper. corr.   Coulomb (SR)   Coul. recip.
    7.68350e+03    9.35817e+04   -4.55192e+03   -6.33379e+05    2.94383e+03
 Position Rest.      Potential    Kinetic En.   Total Energy  Conserved En.
    4.75728e+02   -5.23378e+05    8.62341e+04   -4.37144e+05   -4.36753e+05
    Temperature Pres. DC (bar) Pressure (bar)   Constr. rmsd
    3.01684e+02   -2.24746e+02    9.85442e+01    3.11447e-06

           Step           Time
          40000       80.00000

   Energies (kJ/mol)
           Bond          Angle    Proper Dih. Ryckaert-Bell.          LJ-14
    1.45899e+03    3.79579e+03    2.72523e+02    1.83540e+03    2.61944e+03
     Coulomb-14        LJ (SR)  Disper. corr.   Coulomb (SR)   Coul. recip.
    7.74036e+03    9.45344e+04   -4.56945e+03   -6.34469e+05    2.93261e+03
 Position Rest.      Potential    Kinetic En.   Total Energy  Conserved En.
    4.78306e+02   -5.23370e+05    8.59584e+04   -4.37412e+05   -4.36759e+05
    Temperature Pres. DC (bar) Pressure (bar)   Constr. rmsd
    3.00719e+02   -2.26478e+02    1.41985e+02    2.85089e-06

           Step           Time
          40500       81.00000

   Energies (kJ/mol)
           Bond          Angle    Proper Dih. Ryckaert-Bell.          LJ-14
    1.52859e+03    3.69074e+03    2.64479e+02    1.82599e+03    2.69498e+03
     Coulomb-14        LJ (SR)  Disper. corr.   Coulomb (SR)   Coul. recip.
    7.72897e+03    9.33347e+04   -4.56749e+03   -6.34421e+05    2.90664e+03
 Position Rest.      Potential    Kinetic En.   Total Energy  Conserved En.
    5.13598e+02   -5.24500e+05    8.63609e+04   -4.38139e+05   -4.36760e+05
    Temperature Pres. DC (bar) Pressure (bar)   Constr. rmsd
    3.02127e+02   -2.26283e+02    2.30445e+01    2.70151e-06

           Step           Time
          41000       82.00000

   Energies (kJ/mol)
           Bond          Angle    Proper Dih. Ryckaert-Bell.          LJ-14
    1.44754e+03    3.67053e+03    2.34258e+02    1.89622e+03    2.60987e+03
     Coulomb-14        LJ (SR)  Disper. corr.   Coulomb (SR)   Coul. recip.
    7.68790e+03    9.44978e+04   -4.56995e+03   -6.36888e+05    2.83922e+03
 Position Rest.      Potential    Kinetic En.   Total Energy  Conserved En.
    4.64772e+02   -5.26110e+05    8.57868e+04   -4.40323e+05   -4.36762e+05
    Temperature Pres. DC (bar) Pressure (bar)   Constr. rmsd
    3.00119e+02   -2.26527e+02    1.34722e+02    2.63579e-06

           Step           Time
          41500       83.00000

   Energies (kJ/mol)
           Bond          Angle    Proper Dih. Ryckaert-Bell.          LJ-14
    1.42642e+03    3.68301e+03    2.64779e+02    1.87740e+03    2.68484e+03
     Coulomb-14        LJ (SR)  Disper. corr.   Coulomb (SR)   Coul. recip.
    7.78392e+03    9.39862e+04   -4.56289e+03   -6.35834e+05    2.92747e+03
 Position Rest.      Potential    Kinetic En.   Total Energy  Conserved En.
    4.46737e+02   -5.25316e+05    8.54898e+04   -4.39827e+05   -4.36751e+05
    Temperature Pres. DC (bar) Pressure (bar)   Constr. rmsd
    2.99080e+02   -2.25829e+02    8.76496e+01    2.78969e-06

           Step           Time
          42000       84.00000

   Energies (kJ/mol)
           Bond          Angle    Proper Dih. Ryckaert-Bell.          LJ-14
    1.43079e+03    3.77646e+03    2.65103e+02    1.84393e+03    2.72888e+03
     Coulomb-14        LJ (SR)  Disper. corr.   Coulomb (SR)   Coul. recip.
    7.72795e+03    9.29780e+04   -4.55664e+03   -6.33792e+05    2.98840e+03
 Position Rest.      Potential    Kinetic En.   Total Energy  Conserved En.
    4.88632e+02   -5.24121e+05    8.53582e+04   -4.38762e+05   -4.36740e+05
    Temperature Pres. DC (bar) Pressure (bar)   Constr. rmsd
    2.98619e+02   -2.25211e+02   -9.19549e+00    2.72885e-06

           Step           Time
          42500       85.00000

   Energies (kJ/mol)
           Bond          Angle    Proper Dih. Ryckaert-Bell.          LJ-14
    1.56229e+03    3.70199e+03    2.23178e+02    1.85401e+03    2.66553e+03
     Coulomb-14        LJ (SR)  Disper. corr.   Coulomb (SR)   Coul. recip.
    7.71616e+03    9.39227e+04   -4.56148e+03   -6.35393e+05    2.87679e+03
 Position Rest.      Potential    Kinetic En.   Total Energy  Conserved En.
    4.56592e+02   -5.24976e+05    8.47718e+04   -4.40204e+05   -4.36737e+05
    Temperature Pres. DC (bar) Pressure (bar)   Constr. rmsd
    2.96568e+02   -2.25689e+02    4.04500e+01    3.00762e-06

           Step           Time
          43000       86.00000

   Energies (kJ/mol)
           Bond          Angle    Proper Dih. Ryckaert-Bell.          LJ-14
    1.45933e+03    3.81625e+03    2.98152e+02    1.85079e+03    2.69839e+03
     Coulomb-14        LJ (SR)  Disper. corr.   Coulomb (SR)   Coul. recip.
    7.76024e+03    9.29876e+04   -4.55447e+03   -6.34718e+05    2.90819e+03
 Position Rest.      Potential    Kinetic En.   Total Energy  Conserved En.
    4.59886e+02   -5.25034e+05    8.59202e+04   -4.39114e+05   -4.36746e+05
    Temperature Pres. DC (bar) Pressure (bar)   Constr. rmsd
    3.00585e+02   -2.24997e+02   -2.06624e+02    3.03009e-06

           Step           Time
          43500       87.00000

   Energies (kJ/mol)
           Bond          Angle    Proper Dih. Ryckaert-Bell.          LJ-14
    1.52639e+03    3.84254e+03    2.72225e+02    1.76217e+03    2.61130e+03
     Coulomb-14        LJ (SR)  Disper. corr.   Coulomb (SR)   Coul. recip.
    7.67431e+03    9.43681e+04   -4.57203e+03   -6.35720e+05    2.94564e+03
 Position Rest.      Potential    Kinetic En.   Total Energy  Conserved En.
    5.25858e+02   -5.24763e+05    8.65250e+04   -4.38238e+05   -4.36745e+05
    Temperature Pres. DC (bar) Pressure (bar)   Constr. rmsd
    3.02701e+02   -2.26734e+02    1.27636e+02    2.92780e-06

           Step           Time
          44000       88.00000

   Energies (kJ/mol)
           Bond          Angle    Proper Dih. Ryckaert-Bell.          LJ-14
    1.36046e+03    3.69836e+03    2.42332e+02    1.77164e+03    2.66349e+03
     Coulomb-14        LJ (SR)  Disper. corr.   Coulomb (SR)   Coul. recip.
    7.78915e+03    9.38921e+04   -4.55937e+03   -6.35228e+05    2.99508e+03
 Position Rest.      Potential    Kinetic En.   Total Energy  Conserved En.
    5.19436e+02   -5.24855e+05    8.51918e+04   -4.39664e+05   -4.36745e+05
    Temperature Pres. DC (bar) Pressure (bar)   Constr. rmsd
    2.98037e+02   -2.25481e+02    8.27075e+01    2.88719e-06

           Step           Time
          44500       89.00000

   Energies (kJ/mol)
           Bond          Angle    Proper Dih. Ryckaert-Bell.          LJ-14
    1.28416e+03    3.69722e+03    2.57472e+02    1.79418e+03    2.68986e+03
     Coulomb-14        LJ (SR)  Disper. corr.   Coulomb (SR)   Coul. recip.
    7.65050e+03    9.40527e+04   -4.58594e+03   -6.36235e+05    2.92763e+03
 Position Rest.      Potential    Kinetic En.   Total Energy  Conserved En.
    4.83381e+02   -5.25984e+05    8.51067e+04   -4.40877e+05   -4.36757e+05
    Temperature Pres. DC (bar) Pressure (bar)   Constr. rmsd
    2.97739e+02   -2.28113e+02    9.71510e+01    2.84915e-06

           Step           Time
          45000       90.00000

   Energies (kJ/mol)
           Bond          Angle    Proper Dih. Ryckaert-Bell.          LJ-14
    1.47477e+03    3.76921e+03    2.60698e+02    1.87810e+03    2.68109e+03
     Coulomb-14        LJ (SR)  Disper. corr.   Coulomb (SR)   Coul. recip.
    7.86250e+03    9.32215e+04   -4.55054e+03   -6.34202e+05    2.96371e+03
 Position Rest.      Potential    Kinetic En.   Total Energy  Conserved En.
    5.12109e+02   -5.24129e+05    8.63812e+04   -4.37748e+05   -4.36755e+05
    Temperature Pres. DC (bar) Pressure (bar)   Constr. rmsd
    3.02198e+02   -2.24610e+02   -2.99366e+01    2.66899e-06

           Step           Time
          45500       91.00000

   Energies (kJ/mol)
           Bond          Angle    Proper Dih. Ryckaert-Bell.          LJ-14
    1.37906e+03    3.68209e+03    2.33982e+02    1.90945e+03    2.66343e+03
     Coulomb-14        LJ (SR)  Disper. corr.   Coulomb (SR)   Coul. recip.
    7.72760e+03    9.46841e+04   -4.59252e+03   -6.36178e+05    3.00977e+03
 Position Rest.      Potential    Kinetic En.   Total Energy  Conserved En.
    5.02716e+02   -5.24978e+05    8.53850e+04   -4.39593e+05   -4.36753e+05
    Temperature Pres. DC (bar) Pressure (bar)   Constr. rmsd
    2.98713e+02   -2.28768e+02    2.54502e+02    3.01127e-06

           Step           Time
          46000       92.00000

   Energies (kJ/mol)
           Bond          Angle    Proper Dih. Ryckaert-Bell.          LJ-14
    1.42484e+03    3.83912e+03    2.30141e+02    1.87350e+03    2.63770e+03
     Coulomb-14        LJ (SR)  Disper. corr.   Coulomb (SR)   Coul. recip.
    7.76860e+03    9.42614e+04   -4.57819e+03   -6.35136e+05    2.92927e+03
 Position Rest.      Potential    Kinetic En.   Total Energy  Conserved En.
    5.00238e+02   -5.24249e+05    8.57005e+04   -4.38549e+05   -4.36737e+05
    Temperature Pres. DC (bar) Pressure (bar)   Constr. rmsd
    2.99817e+02   -2.27344e+02    1.72843e+02    2.64696e-06

           Step           Time
          46500       93.00000

   Energies (kJ/mol)
           Bond          Angle    Proper Dih. Ryckaert-Bell.          LJ-14
    1.55182e+03    3.71509e+03    2.83879e+02    1.87885e+03    2.63893e+03
     Coulomb-14        LJ (SR)  Disper. corr.   Coulomb (SR)   Coul. recip.
    7.71476e+03    9.21781e+04   -4.55241e+03   -6.33542e+05    2.94645e+03
 Position Rest.      Potential    Kinetic En.   Total Energy  Conserved En.
    4.75104e+02   -5.24711e+05    8.60764e+04   -4.38635e+05   -4.36751e+05
    Temperature Pres. DC (bar) Pressure (bar)   Constr. rmsd
    3.01132e+02   -2.24794e+02   -2.36387e+02    2.63538e-06

           Step           Time
          47000       94.00000

   Energies (kJ/mol)
           Bond          Angle    Proper Dih. Ryckaert-Bell.          LJ-14
    1.42844e+03    3.83775e+03    2.46647e+02    1.85367e+03    2.66625e+03
     Coulomb-14        LJ (SR)  Disper. corr.   Coulomb (SR)   Coul. recip.
    7.77319e+03    9.41282e+04   -4.56619e+03   -6.35422e+05    2.90284e+03
 Position Rest.      Potential    Kinetic En.   Total Energy  Conserved En.
    4.86592e+02   -5.24664e+05    8.64250e+04   -4.38239e+05   -4.36751e+05
    Temperature Pres. DC (bar) Pressure (bar)   Constr. rmsd
    3.02351e+02   -2.26155e+02    2.11633e+02    2.90864e-06

           Step           Time
          47500       95.00000

   Energies (kJ/mol)
           Bond          Angle    Proper Dih. Ryckaert-Bell.          LJ-14
    1.36278e+03    3.75600e+03    2.39569e+02    1.82282e+03    2.63589e+03
     Coulomb-14        LJ (SR)  Disper. corr.   Coulomb (SR)   Coul. recip.
    7.69584e+03    9.43729e+04   -4.56815e+03   -6.36614e+05    2.83533e+03
 Position Rest.      Potential    Kinetic En.   Total Energy  Conserved En.
    4.78640e+02   -5.25983e+05    8.64018e+04   -4.39581e+05   -4.36766e+05
    Temperature Pres. DC (bar) Pressure (bar)   Constr. rmsd
    3.02270e+02   -2.26349e+02    1.21796e+02    2.68010e-06

           Step           Time
          48000       96.00000

   Energies (kJ/mol)
           Bond          Angle    Proper Dih. Ryckaert-Bell.          LJ-14
    1.36238e+03    3.62216e+03    2.57984e+02    1.81245e+03    2.67452e+03
     Coulomb-14        LJ (SR)  Disper. corr.   Coulomb (SR)   Coul. recip.
    7.79868e+03    9.39005e+04   -4.56967e+03   -6.35102e+05    2.86951e+03
 Position Rest.      Potential    Kinetic En.   Total Energy  Conserved En.
    4.73369e+02   -5.24900e+05    8.47486e+04   -4.40151e+05   -4.36747e+05
    Temperature Pres. DC (bar) Pressure (bar)   Constr. rmsd
    2.96487e+02   -2.26499e+02    1.43848e+02    2.73292e-06

           Step           Time
          48500       97.00000

   Energies (kJ/mol)
           Bond          Angle    Proper Dih. Ryckaert-Bell.          LJ-14
    1.44583e+03    3.77143e+03    2.70783e+02    1.79428e+03    2.66274e+03
     Coulomb-14        LJ (SR)  Disper. corr.   Coulomb (SR)   Coul. recip.
    7.73347e+03    9.41252e+04   -4.56039e+03   -6.35694e+05    2.94836e+03
 Position Rest.      Potential    Kinetic En.   Total Energy  Conserved En.
    4.74935e+02   -5.25027e+05    8.58244e+04   -4.39203e+05   -4.36743e+05
    Temperature Pres. DC (bar) Pressure (bar)   Constr. rmsd
    3.00250e+02   -2.25581e+02   -2.99028e+01    3.04528e-06

           Step           Time
          49000       98.00000

   Energies (kJ/mol)
           Bond          Angle    Proper Dih. Ryckaert-Bell.          LJ-14
    1.36786e+03    3.75223e+03    2.63832e+02    1.82236e+03    2.74090e+03
     Coulomb-14        LJ (SR)  Disper. corr.   Coulomb (SR)   Coul. recip.
    7.75117e+03    9.33298e+04   -4.54568e+03   -6.34141e+05    3.05360e+03
 Position Rest.      Potential    Kinetic En.   Total Energy  Conserved En.
    5.01341e+02   -5.24104e+05    8.63878e+04   -4.37716e+05   -4.36745e+05
    Temperature Pres. DC (bar) Pressure (bar)   Constr. rmsd
    3.02221e+02   -2.24130e+02   -1.21757e+02    2.91437e-06

           Step           Time
          49500       99.00000

   Energies (kJ/mol)
           Bond          Angle    Proper Dih. Ryckaert-Bell.          LJ-14
    1.55638e+03    3.69494e+03    2.42902e+02    1.81675e+03    2.69110e+03
     Coulomb-14        LJ (SR)  Disper. corr.   Coulomb (SR)   Coul. recip.
    7.75524e+03    9.34108e+04   -4.54595e+03   -6.33143e+05    2.92122e+03
 Position Rest.      Potential    Kinetic En.   Total Energy  Conserved En.
    5.33196e+02   -5.23067e+05    8.50304e+04   -4.38036e+05   -4.36712e+05
    Temperature Pres. DC (bar) Pressure (bar)   Constr. rmsd
    2.97472e+02   -2.24157e+02   -2.94161e+01    2.78375e-06

           Step           Time
          50000      100.00000

Writing checkpoint, step 50000 at Tue Jul 27 01:30:22 2021


   Energies (kJ/mol)
           Bond          Angle    Proper Dih. Ryckaert-Bell.          LJ-14
    1.54382e+03    3.64740e+03    2.83800e+02    1.76908e+03    2.60279e+03
     Coulomb-14        LJ (SR)  Disper. corr.   Coulomb (SR)   Coul. recip.
    7.71360e+03    9.44135e+04   -4.56386e+03   -6.36292e+05    2.91410e+03
 Position Rest.      Potential    Kinetic En.   Total Energy  Conserved En.
    4.63355e+02   -5.25504e+05    8.50930e+04   -4.40411e+05   -4.36741e+05
    Temperature Pres. DC (bar) Pressure (bar)   Constr. rmsd
    2.97691e+02   -2.25924e+02   -7.99817e+01    2.84431e-06


Energy conservation over simulation part #1 of length 100 ns, time 0 to 100 ns
  Conserved energy drift: 7.72e-06 kJ/mol/ps per atom


	<======  ###############  ==>
	<====  A V E R A G E S  ====>
	<==  ###############  ======>

	Statistics over 50001 steps using 501 frames

   Energies (kJ/mol)
           Bond          Angle    Proper Dih. Ryckaert-Bell.          LJ-14
    1.44442e+03    3.72588e+03    2.49450e+02    1.84794e+03    2.68309e+03
     Coulomb-14        LJ (SR)  Disper. corr.   Coulomb (SR)   Coul. recip.
    7.76619e+03    9.35828e+04   -4.56174e+03   -6.34664e+05    2.94131e+03
 Position Rest.      Potential    Kinetic En.   Total Energy  Conserved En.
    4.76857e+02   -5.24507e+05    8.57266e+04   -4.38781e+05   -4.36735e+05
    Temperature Pres. DC (bar) Pressure (bar)   Constr. rmsd
    2.99908e+02   -2.25717e+02    5.30332e-01    0.00000e+00

          Box-X          Box-Y          Box-Z
    6.95204e+00    6.95204e+00    6.95204e+00

   Total Virial (kJ/mol)
    2.85098e+04    1.39644e+02   -2.24402e+02
    1.39680e+02    2.87561e+04    1.20881e+02
   -2.24445e+02    1.20707e+02    2.84502e+04

   Pressure (bar)
    8.40943e+00   -1.42175e+01    2.28377e+01
   -1.42210e+01   -1.86608e+01   -1.35110e+01
    2.28419e+01   -1.34938e+01    1.18423e+01

      T-Protein  T-non-Protein
    3.00078e+02    2.99895e+02


	M E G A - F L O P S   A C C O U N T I N G

 NB=Group-cutoff nonbonded kernels    NxN=N-by-N cluster Verlet kernels
 RF=Reaction-Field  VdW=Van der Waals  QSTab=quadratic-spline table
 W3=SPC/TIP3p  W4=TIP4p (single or pairs)
 V&F=Potential and force  V=Potential only  F=Force only

 Computing:                               M-Number         M-Flops  % Flops
-----------------------------------------------------------------------------
 Pair Search distance check           15117.928262      136061.354     0.2
 NxN Ewald Elec. + LJ [F]            534246.133904    35260244.838    52.2
 NxN Ewald Elec. + LJ [V&F]            5407.544800      578607.294     0.9
 NxN Ewald Elec. [F]                 470783.846224    28717814.620    42.5
 NxN Ewald Elec. [V&F]                 4764.785824      400242.009     0.6
 1,4 nonbonded interactions             255.305106       22977.460     0.0
 Calc Weights                          5081.501628      182934.059     0.3
 Spread Q Bspline                    108405.368064      216810.736     0.3
 Gather F Bspline                    108405.368064      650432.208     1.0
 3D-FFT                              139519.590336     1116156.723     1.7
 Solve PME                               96.801936        6195.324     0.0
 Shift-X                                 33.909876         203.459     0.0
 Bonds                                   51.251025        3023.810     0.0
 Angles                                 177.353547       29795.396     0.0
 Propers                                 21.300426        4877.798     0.0
 RB-Dihedrals                           197.503950       48783.476     0.1
 Pos. Restr.                             50.051001        2502.550     0.0
 Virial                                 169.638921        3053.501     0.0
 Stop-CM                                 16.971876         169.719     0.0
 Calc-Ekin                              338.827752        9148.349     0.0
 Lincs                                   47.950959        2877.058     0.0
 Lincs-Mat                              238.804776         955.219     0.0
 Constraint-V                          1691.333826       15222.004     0.0
 Constraint-Vir                         164.367867        3944.829     0.0
 Settle                                 531.810636      196769.935     0.3
-----------------------------------------------------------------------------
 Total                                                67609803.726   100.0
-----------------------------------------------------------------------------


     R E A L   C Y C L E   A N D   T I M E   A C C O U N T I N G

On 1 MPI rank, each using 8 OpenMP threads

 Computing:          Num   Num      Call    Wall time         Giga-Cycles
                     Ranks Threads  Count      (s)         total sum    %
-----------------------------------------------------------------------------
 Neighbor search        1    8       1001      19.040        274.172   2.5
 Force                  1    8      50001     532.992       7674.870  70.7
 PME mesh               1    8      50001     147.455       2123.295  19.5
 NB X/F buffer ops.     1    8      99001      25.626        369.004   3.4
 Write traj.            1    8        101       2.562         36.885   0.3
 Update                 1    8      50001      13.387        192.773   1.8
 Constraints            1    8      50001       9.361        134.799   1.2
 Rest                                           3.948         56.847   0.5
-----------------------------------------------------------------------------
 Total                                        754.372      10862.644 100.0
-----------------------------------------------------------------------------
 Breakdown of PME mesh computation
-----------------------------------------------------------------------------
 PME spread             1    8      50001      76.512       1101.744  10.1
 PME gather             1    8      50001      40.281        580.023   5.3
 PME 3D-FFT             1    8     100002      26.573        382.636   3.5
 PME solve Elec         1    8      50001       3.135         45.148   0.4
-----------------------------------------------------------------------------

               Core t (s)   Wall t (s)        (%)
       Time:     6034.974      754.372      800.0
                 (ns/day)    (hour/ns)
Performance:       11.453        2.095
Finished mdrun on rank 0 Tue Jul 27 01:30:23 2021

